{"/a0/usr/projects/jh_salon_twin/frontend/src/components/ui/button.tsx": {"path":"/a0/usr/projects/jh_salon_twin/frontend/src/components/ui/button.tsx","statementMap":{"0":{"start":{"line":14,"column":48},"end":{"line":20,"column":null}},"1":{"start":{"line":22,"column":42},"end":{"line":26,"column":null}},"2":{"start":{"line":28,"column":20},"end":{"line":28,"column":null}},"3":{"start":{"line":30,"column":13},"end":{"line":42,"column":null}},"4":{"start":{"line":32,"column":4},"end":{"line":39,"column":null}},"5":{"start":{"line":44,"column":0},"end":{"line":44,"column":null}}},"fnMap":{"0":{"name":"(anonymous_0)","decl":{"start":{"line":30,"column":22},"end":{"line":30,"column":null}},"loc":{"start":{"line":31,"column":85},"end":{"line":42,"column":null}},"line":31}},"branchMap":{"0":{"loc":{"start":{"line":31,"column":16},"end":{"line":31,"column":37}},"type":"default-arg","locations":[{"start":{"line":31,"column":26},"end":{"line":31,"column":37}}],"line":31},"1":{"loc":{"start":{"line":31,"column":37},"end":{"line":31,"column":55}},"type":"default-arg","locations":[{"start":{"line":31,"column":44},"end":{"line":31,"column":55}}],"line":31}},"s":{"0":1,"1":1,"2":1,"3":1,"4":10,"5":1},"f":{"0":10},"b":{"0":[10],"1":[10]},"meta":{"lastBranch":2,"lastFunction":1,"lastStatement":6,"seen":{"s:14:48:20:Infinity":0,"s:22:42:26:Infinity":1,"s:28:20:28:Infinity":2,"s:30:13:42:Infinity":3,"f:30:22:30:Infinity":0,"b:31:26:31:37":0,"b:31:44:31:55":1,"s:32:4:39:Infinity":4,"s:44:0:44:Infinity":5}}}
,"/a0/usr/projects/jh_salon_twin/frontend/src/lib/design-tokens.ts": {"path":"/a0/usr/projects/jh_salon_twin/frontend/src/lib/design-tokens.ts","statementMap":{"0":{"start":{"line":16,"column":25},"end":{"line":115,"column":null}},"1":{"start":{"line":121,"column":24},"end":{"line":170,"column":null}},"2":{"start":{"line":176,"column":25},"end":{"line":251,"column":null}},"3":{"start":{"line":257,"column":22},"end":{"line":263,"column":null}},"4":{"start":{"line":265,"column":23},"end":{"line":273,"column":null}},"5":{"start":{"line":275,"column":22},"end":{"line":300,"column":null}},"6":{"start":{"line":306,"column":21},"end":{"line":313,"column":null}},"7":{"start":{"line":319,"column":21},"end":{"line":323,"column":null}},"8":{"start":{"line":333,"column":2},"end":{"line":333,"column":null}},"9":{"start":{"line":340,"column":2},"end":{"line":340,"column":null}},"10":{"start":{"line":347,"column":15},"end":{"line":347,"column":null}},"11":{"start":{"line":348,"column":2},"end":{"line":348,"column":null}},"12":{"start":{"line":348,"column":16},"end":{"line":348,"column":null}},"13":{"start":{"line":349,"column":2},"end":{"line":349,"column":null}},"14":{"start":{"line":372,"column":26},"end":{"line":380,"column":null}},"15":{"start":{"line":382,"column":22},"end":{"line":389,"column":null}},"16":{"start":{"line":391,"column":26},"end":{"line":424,"column":null}},"17":{"start":{"line":426,"column":27},"end":{"line":445,"column":null}},"18":{"start":{"line":447,"column":23},"end":{"line":456,"column":null}}},"fnMap":{"0":{"name":"glassEffect","decl":{"start":{"line":332,"column":16},"end":{"line":332,"column":28}},"loc":{"start":{"line":332,"column":98},"end":{"line":333,"column":null}},"line":332},"1":{"name":"focusRing","decl":{"start":{"line":339,"column":16},"end":{"line":339,"column":36}},"loc":{"start":{"line":339,"column":36},"end":{"line":340,"column":null}},"line":339},"2":{"name":"componentClasses","decl":{"start":{"line":346,"column":16},"end":{"line":346,"column":33}},"loc":{"start":{"line":346,"column":98},"end":{"line":349,"column":null}},"line":346}},"branchMap":{"0":{"loc":{"start":{"line":332,"column":28},"end":{"line":332,"column":98}},"type":"default-arg","locations":[{"start":{"line":332,"column":79},"end":{"line":332,"column":98}}],"line":332},"1":{"loc":{"start":{"line":348,"column":2},"end":{"line":348,"column":null}},"type":"if","locations":[{"start":{"line":348,"column":2},"end":{"line":348,"column":null}},{"start":{},"end":{}}],"line":348},"2":{"loc":{"start":{"line":349,"column":10},"end":{"line":349,"column":null}},"type":"binary-expr","locations":[{"start":{"line":349,"column":10},"end":{"line":349,"column":35}},{"start":{"line":349,"column":35},"end":{"line":349,"column":null}}],"line":349}},"s":{"0":2,"1":2,"2":2,"3":2,"4":2,"5":2,"6":2,"7":2,"8":5,"9":1,"10":4,"11":4,"12":1,"13":3,"14":2,"15":2,"16":2,"17":2,"18":2},"f":{"0":5,"1":1,"2":4},"b":{"0":[5],"1":[1,3],"2":[3,1]},"meta":{"lastBranch":3,"lastFunction":3,"lastStatement":19,"seen":{"s:16:25:115:Infinity":0,"s:121:24:170:Infinity":1,"s:176:25:251:Infinity":2,"s:257:22:263:Infinity":3,"s:265:23:273:Infinity":4,"s:275:22:300:Infinity":5,"s:306:21:313:Infinity":6,"s:319:21:323:Infinity":7,"f:332:16:332:28":0,"b:332:79:332:98":0,"s:333:2:333:Infinity":8,"f:339:16:339:36":1,"s:340:2:340:Infinity":9,"f:346:16:346:33":2,"s:347:15:347:Infinity":10,"b:348:2:348:Infinity:undefined:undefined:undefined:undefined":1,"s:348:2:348:Infinity":11,"s:348:16:348:Infinity":12,"s:349:2:349:Infinity":13,"b:349:10:349:35:349:35:349:Infinity":2,"s:372:26:380:Infinity":14,"s:382:22:389:Infinity":15,"s:391:26:424:Infinity":16,"s:426:27:445:Infinity":17,"s:447:23:456:Infinity":18}}}
,"/a0/usr/projects/jh_salon_twin/frontend/src/lib/utils.ts": {"path":"/a0/usr/projects/jh_salon_twin/frontend/src/lib/utils.ts","statementMap":{"0":{"start":{"line":2,"column":2},"end":{"line":2,"column":null}}},"fnMap":{"0":{"name":"cn","decl":{"start":{"line":1,"column":16},"end":{"line":1,"column":19}},"loc":{"start":{"line":1,"column":73},"end":{"line":2,"column":null}},"line":1}},"branchMap":{},"s":{"0":10},"f":{"0":10},"b":{},"meta":{"lastBranch":0,"lastFunction":1,"lastStatement":1,"seen":{"f:1:16:1:19":0,"s:2:2:2:Infinity":0}}}
}
