{"/a0/usr/projects/jh_salon_twin/backend/src/config/db.ts": {"path":"/a0/usr/projects/jh_salon_twin/backend/src/config/db.ts","statementMap":{"0":{"start":{"line":3,"column":25},"end":{"line":3,"column":null}},"1":{"start":{"line":6,"column":2},"end":{"line":6,"column":null}},"2":{"start":{"line":6,"column":13},"end":{"line":6,"column":null}},"3":{"start":{"line":8,"column":28},"end":{"line":8,"column":null}},"4":{"start":{"line":9,"column":29},"end":{"line":17,"column":null}},"5":{"start":{"line":19,"column":2},"end":{"line":23,"column":null}},"6":{"start":{"line":20,"column":4},"end":{"line":20,"column":null}},"7":{"start":{"line":22,"column":4},"end":{"line":22,"column":null}},"8":{"start":{"line":23,"column":4},"end":{"line":23,"column":null}},"9":{"start":{"line":26,"column":2},"end":{"line":27,"column":null}},"10":{"start":{"line":27,"column":4},"end":{"line":27,"column":null}},"11":{"start":{"line":30,"column":2},"end":{"line":30,"column":null}},"12":{"start":{"line":32,"column":2},"end":{"line":34,"column":null}},"13":{"start":{"line":33,"column":4},"end":{"line":33,"column":null}},"14":{"start":{"line":36,"column":2},"end":{"line":36,"column":null}},"15":{"start":{"line":40,"column":2},"end":{"line":40,"column":null}},"16":{"start":{"line":44,"column":2},"end":{"line":44,"column":null}},"17":{"start":{"line":47,"column":20},"end":{"line":52,"column":null}},"18":{"start":{"line":48,"column":43},"end":{"line":48,"column":72}},"19":{"start":{"line":49,"column":17},"end":{"line":49,"column":36}},"20":{"start":{"line":50,"column":92},"end":{"line":50,"column":127}},"21":{"start":{"line":51,"column":13},"end":{"line":51,"column":null}}},"fnMap":{"0":{"name":"getPool","decl":{"start":{"line":5,"column":9},"end":{"line":5,"column":25}},"loc":{"start":{"line":5,"column":25},"end":{"line":36,"column":null}},"line":5},"1":{"name":"(anonymous_1)","decl":{"start":{"line":32,"column":11},"end":{"line":32,"column":21}},"loc":{"start":{"line":32,"column":29},"end":{"line":34,"column":null}},"line":32},"2":{"name":"query","decl":{"start":{"line":39,"column":22},"end":{"line":39,"column":28}},"loc":{"start":{"line":39,"column":58},"end":{"line":40,"column":null}},"line":39},"3":{"name":"getClient","decl":{"start":{"line":43,"column":22},"end":{"line":43,"column":34}},"loc":{"start":{"line":43,"column":34},"end":{"line":44,"column":null}},"line":43},"4":{"name":"(anonymous_4)","decl":{"start":{"line":48,"column":2},"end":{"line":48,"column":10}},"loc":{"start":{"line":48,"column":43},"end":{"line":48,"column":72}},"line":48},"5":{"name":"(anonymous_5)","decl":{"start":{"line":49,"column":2},"end":{"line":49,"column":17}},"loc":{"start":{"line":49,"column":17},"end":{"line":49,"column":36}},"line":49},"6":{"name":"(anonymous_6)","decl":{"start":{"line":50,"column":2},"end":{"line":50,"column":7}},"loc":{"start":{"line":50,"column":92},"end":{"line":50,"column":127}},"line":50},"7":{"name":"(anonymous_7)","decl":{"start":{"line":51,"column":2},"end":{"line":51,"column":13}},"loc":{"start":{"line":51,"column":13},"end":{"line":51,"column":null}},"line":51}},"branchMap":{"0":{"loc":{"start":{"line":6,"column":2},"end":{"line":6,"column":null}},"type":"if","locations":[{"start":{"line":6,"column":2},"end":{"line":6,"column":null}},{"start":{},"end":{}}],"line":6},"1":{"loc":{"start":{"line":19,"column":2},"end":{"line":23,"column":null}},"type":"if","locations":[{"start":{"line":19,"column":2},"end":{"line":23,"column":null}},{"start":{"line":21,"column":9},"end":{"line":23,"column":null}}],"line":19},"2":{"loc":{"start":{"line":22,"column":18},"end":{"line":22,"column":null}},"type":"binary-expr","locations":[{"start":{"line":22,"column":18},"end":{"line":22,"column":41}},{"start":{"line":22,"column":41},"end":{"line":22,"column":null}}],"line":22},"3":{"loc":{"start":{"line":23,"column":27},"end":{"line":23,"column":58}},"type":"binary-expr","locations":[{"start":{"line":23,"column":27},"end":{"line":23,"column":50}},{"start":{"line":23,"column":50},"end":{"line":23,"column":58}}],"line":23},"4":{"loc":{"start":{"line":26,"column":2},"end":{"line":27,"column":null}},"type":"if","locations":[{"start":{"line":26,"column":2},"end":{"line":27,"column":null}},{"start":{},"end":{}}],"line":26},"5":{"loc":{"start":{"line":26,"column":6},"end":{"line":26,"column":76}},"type":"binary-expr","locations":[{"start":{"line":26,"column":6},"end":{"line":26,"column":22}},{"start":{"line":26,"column":22},"end":{"line":26,"column":42}},{"start":{"line":26,"column":42},"end":{"line":26,"column":62}},{"start":{"line":26,"column":62},"end":{"line":26,"column":76}}],"line":26}},"s":{"0":3,"1":6,"2":5,"3":1,"4":1,"5":1,"6":0,"7":1,"8":1,"9":1,"10":0,"11":1,"12":1,"13":0,"14":1,"15":1,"16":1,"17":3,"18":1,"19":1,"20":1,"21":1},"f":{"0":6,"1":0,"2":1,"3":1,"4":1,"5":1,"6":1,"7":1},"b":{"0":[5,1],"1":[0,1],"2":[1,0],"3":[1,0],"4":[0,1],"5":[1,1,1,1]},"meta":{"lastBranch":6,"lastFunction":8,"lastStatement":22,"seen":{"s:3:25:3:Infinity":0,"f:5:9:5:25":0,"b:6:2:6:Infinity:undefined:undefined:undefined:undefined":0,"s:6:2:6:Infinity":1,"s:6:13:6:Infinity":2,"s:8:28:8:Infinity":3,"s:9:29:17:Infinity":4,"b:19:2:23:Infinity:21:9:23:Infinity":1,"s:19:2:23:Infinity":5,"s:20:4:20:Infinity":6,"s:22:4:22:Infinity":7,"b:22:18:22:41:22:41:22:Infinity":2,"s:23:4:23:Infinity":8,"b:23:27:23:50:23:50:23:58":3,"b:26:2:27:Infinity:undefined:undefined:undefined:undefined":4,"s:26:2:27:Infinity":9,"b:26:6:26:22:26:22:26:42:26:42:26:62:26:62:26:76":5,"s:27:4:27:Infinity":10,"s:30:2:30:Infinity":11,"s:32:2:34:Infinity":12,"f:32:11:32:21":1,"s:33:4:33:Infinity":13,"s:36:2:36:Infinity":14,"f:39:22:39:28":2,"s:40:2:40:Infinity":15,"f:43:22:43:34":3,"s:44:2:44:Infinity":16,"s:47:20:52:Infinity":17,"f:48:2:48:10":4,"s:48:43:48:72":18,"f:49:2:49:17":5,"s:49:17:49:36":19,"f:50:2:50:7":6,"s:50:92:50:127":20,"f:51:2:51:13":7,"s:51:13:51:Infinity":21}}}
,"/a0/usr/projects/jh_salon_twin/backend/src/middleware/auth.ts": {"path":"/a0/usr/projects/jh_salon_twin/backend/src/middleware/auth.ts","statementMap":{"0":{"start":{"line":5,"column":19},"end":{"line":5,"column":null}},"1":{"start":{"line":17,"column":28},"end":{"line":37,"column":null}},"2":{"start":{"line":18,"column":2},"end":{"line":37,"column":null}},"3":{"start":{"line":19,"column":23},"end":{"line":19,"column":null}},"4":{"start":{"line":20,"column":4},"end":{"line":21,"column":null}},"5":{"start":{"line":21,"column":6},"end":{"line":21,"column":null}},"6":{"start":{"line":24,"column":18},"end":{"line":24,"column":null}},"7":{"start":{"line":25,"column":20},"end":{"line":25,"column":49}},"8":{"start":{"line":27,"column":4},"end":{"line":32,"column":null}},"9":{"start":{"line":34,"column":4},"end":{"line":34,"column":null}},"10":{"start":{"line":36,"column":4},"end":{"line":36,"column":null}},"11":{"start":{"line":37,"column":4},"end":{"line":37,"column":null}},"12":{"start":{"line":42,"column":13},"end":{"line":52,"column":null}},"13":{"start":{"line":43,"column":2},"end":{"line":52,"column":null}},"14":{"start":{"line":44,"column":4},"end":{"line":45,"column":null}},"15":{"start":{"line":45,"column":6},"end":{"line":45,"column":null}},"16":{"start":{"line":48,"column":4},"end":{"line":49,"column":null}},"17":{"start":{"line":49,"column":6},"end":{"line":49,"column":null}},"18":{"start":{"line":52,"column":4},"end":{"line":52,"column":null}},"19":{"start":{"line":57,"column":25},"end":{"line":57,"column":52}},"20":{"start":{"line":60,"column":31},"end":{"line":60,"column":69}},"21":{"start":{"line":63,"column":24},"end":{"line":63,"column":73}}},"fnMap":{"0":{"name":"(anonymous_0)","decl":{"start":{"line":17,"column":28},"end":{"line":17,"column":35}},"loc":{"start":{"line":17,"column":91},"end":{"line":37,"column":null}},"line":17},"1":{"name":"(anonymous_1)","decl":{"start":{"line":42,"column":13},"end":{"line":42,"column":26}},"loc":{"start":{"line":42,"column":56},"end":{"line":52,"column":null}},"line":42},"2":{"name":"(anonymous_2)","decl":{"start":{"line":43,"column":2},"end":{"line":43,"column":10}},"loc":{"start":{"line":43,"column":66},"end":{"line":52,"column":null}},"line":43}},"branchMap":{"0":{"loc":{"start":{"line":5,"column":19},"end":{"line":5,"column":null}},"type":"binary-expr","locations":[{"start":{"line":5,"column":19},"end":{"line":5,"column":45}},{"start":{"line":5,"column":45},"end":{"line":5,"column":null}}],"line":5},"1":{"loc":{"start":{"line":20,"column":4},"end":{"line":21,"column":null}},"type":"if","locations":[{"start":{"line":20,"column":4},"end":{"line":21,"column":null}},{"start":{},"end":{}}],"line":20},"2":{"loc":{"start":{"line":20,"column":8},"end":{"line":20,"column":56}},"type":"binary-expr","locations":[{"start":{"line":20,"column":8},"end":{"line":20,"column":23}},{"start":{"line":20,"column":23},"end":{"line":20,"column":56}}],"line":20},"3":{"loc":{"start":{"line":44,"column":4},"end":{"line":45,"column":null}},"type":"if","locations":[{"start":{"line":44,"column":4},"end":{"line":45,"column":null}},{"start":{},"end":{}}],"line":44},"4":{"loc":{"start":{"line":48,"column":4},"end":{"line":49,"column":null}},"type":"if","locations":[{"start":{"line":48,"column":4},"end":{"line":49,"column":null}},{"start":{},"end":{}}],"line":48}},"s":{"0":1,"1":1,"2":4,"3":4,"4":4,"5":2,"6":2,"7":2,"8":2,"9":2,"10":1,"11":1,"12":1,"13":6,"14":14,"15":1,"16":13,"17":3,"18":10,"19":1,"20":1,"21":1},"f":{"0":4,"1":6,"2":14},"b":{"0":[1,1],"1":[2,2],"2":[4,3],"3":[1,13],"4":[3,10]},"meta":{"lastBranch":5,"lastFunction":3,"lastStatement":22,"seen":{"s:5:19:5:Infinity":0,"b:5:19:5:45:5:45:5:Infinity":0,"s:17:28:37:Infinity":1,"f:17:28:17:35":0,"s:18:2:37:Infinity":2,"s:19:23:19:Infinity":3,"b:20:4:21:Infinity:undefined:undefined:undefined:undefined":1,"s:20:4:21:Infinity":4,"b:20:8:20:23:20:23:20:56":2,"s:21:6:21:Infinity":5,"s:24:18:24:Infinity":6,"s:25:20:25:49":7,"s:27:4:32:Infinity":8,"s:34:4:34:Infinity":9,"s:36:4:36:Infinity":10,"s:37:4:37:Infinity":11,"s:42:13:52:Infinity":12,"f:42:13:42:26":1,"s:43:2:52:Infinity":13,"f:43:2:43:10":2,"b:44:4:45:Infinity:undefined:undefined:undefined:undefined":3,"s:44:4:45:Infinity":14,"s:45:6:45:Infinity":15,"b:48:4:49:Infinity:undefined:undefined:undefined:undefined":4,"s:48:4:49:Infinity":16,"s:49:6:49:Infinity":17,"s:52:4:52:Infinity":18,"s:57:25:57:52":19,"s:60:31:60:69":20,"s:63:24:63:73":21}}}
,"/a0/usr/projects/jh_salon_twin/backend/src/middleware/validateUUID.ts": {"path":"/a0/usr/projects/jh_salon_twin/backend/src/middleware/validateUUID.ts","statementMap":{"0":{"start":{"line":3,"column":18},"end":{"line":3,"column":null}},"1":{"start":{"line":6,"column":2},"end":{"line":6,"column":null}},"2":{"start":{"line":6,"column":14},"end":{"line":6,"column":null}},"3":{"start":{"line":7,"column":2},"end":{"line":7,"column":null}},"4":{"start":{"line":11,"column":46},"end":{"line":11,"column":null}},"5":{"start":{"line":13,"column":2},"end":{"line":14,"column":null}},"6":{"start":{"line":14,"column":4},"end":{"line":14,"column":null}},"7":{"start":{"line":17,"column":2},"end":{"line":17,"column":null}}},"fnMap":{"0":{"name":"check","decl":{"start":{"line":5,"column":9},"end":{"line":5,"column":15}},"loc":{"start":{"line":5,"column":31},"end":{"line":7,"column":null}},"line":5},"1":{"name":"validateUUID","decl":{"start":{"line":10,"column":16},"end":{"line":10,"column":29}},"loc":{"start":{"line":10,"column":78},"end":{"line":17,"column":null}},"line":10}},"branchMap":{"0":{"loc":{"start":{"line":6,"column":2},"end":{"line":6,"column":null}},"type":"if","locations":[{"start":{"line":6,"column":2},"end":{"line":6,"column":null}},{"start":{},"end":{}}],"line":6},"1":{"loc":{"start":{"line":13,"column":2},"end":{"line":14,"column":null}},"type":"if","locations":[{"start":{"line":13,"column":2},"end":{"line":14,"column":null}},{"start":{},"end":{}}],"line":13},"2":{"loc":{"start":{"line":13,"column":6},"end":{"line":13,"column":65}},"type":"binary-expr","locations":[{"start":{"line":13,"column":6},"end":{"line":13,"column":22}},{"start":{"line":13,"column":26},"end":{"line":13,"column":44}},{"start":{"line":13,"column":48},"end":{"line":13,"column":65}}],"line":13}},"s":{"0":1,"1":29,"2":18,"3":11,"4":11,"5":11,"6":4,"7":7},"f":{"0":29,"1":11},"b":{"0":[18,11],"1":[4,7],"2":[11,10,8]},"meta":{"lastBranch":3,"lastFunction":2,"lastStatement":8,"seen":{"s:3:18:3:Infinity":0,"f:5:9:5:15":0,"b:6:2:6:Infinity:undefined:undefined:undefined:undefined":0,"s:6:2:6:Infinity":1,"s:6:14:6:Infinity":2,"s:7:2:7:Infinity":3,"f:10:16:10:29":1,"s:11:46:11:Infinity":4,"b:13:2:14:Infinity:undefined:undefined:undefined:undefined":1,"s:13:2:14:Infinity":5,"b:13:6:13:22:13:26:13:44:13:48:13:65":2,"s:14:4:14:Infinity":6,"s:17:2:17:Infinity":7}}}
,"/a0/usr/projects/jh_salon_twin/backend/src/repositories/AppointmentRepository.ts": {"path":"/a0/usr/projects/jh_salon_twin/backend/src/repositories/AppointmentRepository.ts","statementMap":{"0":{"start":{"line":8,"column":16},"end":{"line":30,"column":null}},"1":{"start":{"line":32,"column":4},"end":{"line":32,"column":null}},"2":{"start":{"line":44,"column":19},"end":{"line":44,"column":39}},"3":{"start":{"line":46,"column":4},"end":{"line":91,"column":null}},"4":{"start":{"line":47,"column":6},"end":{"line":47,"column":null}},"5":{"start":{"line":49,"column":22},"end":{"line":49,"column":41}},"6":{"start":{"line":50,"column":21},"end":{"line":50,"column":null}},"7":{"start":{"line":52,"column":22},"end":{"line":64,"column":null}},"8":{"start":{"line":67,"column":29},"end":{"line":67,"column":null}},"9":{"start":{"line":69,"column":6},"end":{"line":80,"column":null}},"10":{"start":{"line":70,"column":8},"end":{"line":80,"column":null}},"11":{"start":{"line":83,"column":6},"end":{"line":83,"column":null}},"12":{"start":{"line":85,"column":6},"end":{"line":85,"column":null}},"13":{"start":{"line":88,"column":6},"end":{"line":88,"column":null}},"14":{"start":{"line":89,"column":6},"end":{"line":89,"column":null}},"15":{"start":{"line":91,"column":6},"end":{"line":91,"column":null}},"16":{"start":{"line":97,"column":23},"end":{"line":97,"column":43}},"17":{"start":{"line":99,"column":16},"end":{"line":101,"column":null}},"18":{"start":{"line":104,"column":24},"end":{"line":104,"column":null}},"19":{"start":{"line":106,"column":4},"end":{"line":113,"column":null}},"20":{"start":{"line":108,"column":6},"end":{"line":113,"column":null}},"21":{"start":{"line":116,"column":4},"end":{"line":116,"column":null}},"22":{"start":{"line":125,"column":16},"end":{"line":130,"column":null}},"23":{"start":{"line":133,"column":4},"end":{"line":133,"column":null}},"24":{"start":{"line":138,"column":16},"end":{"line":143,"column":null}},"25":{"start":{"line":146,"column":4},"end":{"line":146,"column":null}},"26":{"start":{"line":151,"column":16},"end":{"line":158,"column":null}},"27":{"start":{"line":161,"column":4},"end":{"line":161,"column":null}},"28":{"start":{"line":165,"column":31},"end":{"line":165,"column":null}},"29":{"start":{"line":167,"column":16},"end":{"line":173,"column":null}},"30":{"start":{"line":176,"column":19},"end":{"line":176,"column":87}},"31":{"start":{"line":176,"column":44},"end":{"line":176,"column":86}},"32":{"start":{"line":178,"column":18},"end":{"line":178,"column":null}},"33":{"start":{"line":180,"column":22},"end":{"line":180,"column":85}},"34":{"start":{"line":180,"column":42},"end":{"line":180,"column":84}},"35":{"start":{"line":180,"column":70},"end":{"line":180,"column":83}},"36":{"start":{"line":182,"column":4},"end":{"line":182,"column":null}},"37":{"start":{"line":182,"column":33},"end":{"line":182,"column":79}},"38":{"start":{"line":186,"column":16},"end":{"line":188,"column":null}},"39":{"start":{"line":191,"column":4},"end":{"line":191,"column":null}},"40":{"start":{"line":200,"column":16},"end":{"line":204,"column":null}},"41":{"start":{"line":207,"column":4},"end":{"line":207,"column":null}},"42":{"start":{"line":213,"column":19},"end":{"line":220,"column":27}},"43":{"start":{"line":222,"column":4},"end":{"line":222,"column":null}}},"fnMap":{"0":{"name":"(anonymous_0)","decl":{"start":{"line":7,"column":15},"end":{"line":7,"column":25}},"loc":{"start":{"line":7,"column":25},"end":{"line":32,"column":null}},"line":7},"1":{"name":"(anonymous_1)","decl":{"start":{"line":35,"column":15},"end":{"line":35,"column":22}},"loc":{"start":{"line":42,"column":5},"end":{"line":91,"column":null}},"line":42},"2":{"name":"(anonymous_2)","decl":{"start":{"line":95,"column":15},"end":{"line":95,"column":28}},"loc":{"start":{"line":95,"column":56},"end":{"line":116,"column":null}},"line":95},"3":{"name":"(anonymous_3)","decl":{"start":{"line":119,"column":15},"end":{"line":119,"column":null}},"loc":{"start":{"line":123,"column":4},"end":{"line":133,"column":null}},"line":123},"4":{"name":"(anonymous_4)","decl":{"start":{"line":136,"column":15},"end":{"line":136,"column":37}},"loc":{"start":{"line":136,"column":71},"end":{"line":146,"column":null}},"line":136},"5":{"name":"(anonymous_5)","decl":{"start":{"line":149,"column":15},"end":{"line":149,"column":36}},"loc":{"start":{"line":149,"column":55},"end":{"line":161,"column":null}},"line":149},"6":{"name":"(anonymous_6)","decl":{"start":{"line":164,"column":15},"end":{"line":164,"column":33}},"loc":{"start":{"line":164,"column":44},"end":{"line":182,"column":null}},"line":164},"7":{"name":"(anonymous_7)","decl":{"start":{"line":176,"column":28},"end":{"line":176,"column":33}},"loc":{"start":{"line":176,"column":44},"end":{"line":176,"column":86}},"line":176},"8":{"name":"(anonymous_8)","decl":{"start":{"line":180,"column":28},"end":{"line":180,"column":36}},"loc":{"start":{"line":180,"column":42},"end":{"line":180,"column":84}},"line":180},"9":{"name":"(anonymous_9)","decl":{"start":{"line":180,"column":50},"end":{"line":180,"column":56}},"loc":{"start":{"line":180,"column":70},"end":{"line":180,"column":83}},"line":180},"10":{"name":"(anonymous_10)","decl":{"start":{"line":182,"column":21},"end":{"line":182,"column":26}},"loc":{"start":{"line":182,"column":33},"end":{"line":182,"column":79}},"line":182},"11":{"name":"(anonymous_11)","decl":{"start":{"line":185,"column":15},"end":{"line":185,"column":29}},"loc":{"start":{"line":185,"column":44},"end":{"line":191,"column":null}},"line":185},"12":{"name":"(anonymous_12)","decl":{"start":{"line":194,"column":15},"end":{"line":194,"column":null}},"loc":{"start":{"line":199,"column":4},"end":{"line":207,"column":null}},"line":199},"13":{"name":"(anonymous_13)","decl":{"start":{"line":211,"column":15},"end":{"line":211,"column":39}},"loc":{"start":{"line":211,"column":74},"end":{"line":222,"column":null}},"line":211}},"branchMap":{"0":{"loc":{"start":{"line":50,"column":21},"end":{"line":50,"column":null}},"type":"binary-expr","locations":[{"start":{"line":50,"column":21},"end":{"line":50,"column":43}},{"start":{"line":50,"column":43},"end":{"line":50,"column":null}}],"line":50},"1":{"loc":{"start":{"line":60,"column":10},"end":{"line":60,"column":null}},"type":"binary-expr","locations":[{"start":{"line":60,"column":10},"end":{"line":60,"column":34}},{"start":{"line":60,"column":34},"end":{"line":60,"column":null}}],"line":60},"2":{"loc":{"start":{"line":78,"column":12},"end":{"line":78,"column":null}},"type":"binary-expr","locations":[{"start":{"line":78,"column":12},"end":{"line":78,"column":37}},{"start":{"line":78,"column":37},"end":{"line":78,"column":null}}],"line":78},"3":{"loc":{"start":{"line":106,"column":4},"end":{"line":113,"column":null}},"type":"if","locations":[{"start":{"line":106,"column":4},"end":{"line":113,"column":null}},{"start":{},"end":{}}],"line":106},"4":{"loc":{"start":{"line":106,"column":8},"end":{"line":106,"column":51}},"type":"binary-expr","locations":[{"start":{"line":106,"column":8},"end":{"line":106,"column":38}},{"start":{"line":106,"column":38},"end":{"line":106,"column":51}}],"line":106},"5":{"loc":{"start":{"line":161,"column":11},"end":{"line":161,"column":null}},"type":"binary-expr","locations":[{"start":{"line":161,"column":11},"end":{"line":161,"column":26}},{"start":{"line":161,"column":26},"end":{"line":161,"column":null}}],"line":161},"6":{"loc":{"start":{"line":191,"column":11},"end":{"line":191,"column":null}},"type":"binary-expr","locations":[{"start":{"line":191,"column":11},"end":{"line":191,"column":26}},{"start":{"line":191,"column":26},"end":{"line":191,"column":null}}],"line":191}},"s":{"0":3,"1":2,"2":2,"3":2,"4":2,"5":2,"6":2,"7":2,"8":1,"9":1,"10":1,"11":1,"12":1,"13":1,"14":1,"15":2,"16":3,"17":3,"18":2,"19":2,"20":0,"21":2,"22":3,"23":2,"24":0,"25":0,"26":0,"27":0,"28":0,"29":0,"30":0,"31":0,"32":0,"33":0,"34":0,"35":0,"36":0,"37":0,"38":3,"39":2,"40":2,"41":1,"42":0,"43":0},"f":{"0":2,"1":2,"2":2,"3":2,"4":2,"5":2,"6":2,"7":0,"8":0,"9":0,"10":0,"11":2,"12":2,"13":2},"b":{"0":[2,2],"1":[2,2],"2":[1,1],"3":[0,2],"4":[2,0],"5":[0,0],"6":[2,1]},"meta":{"lastBranch":7,"lastFunction":14,"lastStatement":44,"seen":{"f:7:15:7:25":0,"s:8:16:30:Infinity":0,"s:32:4:32:Infinity":1,"f:35:15:35:22":1,"s:44:19:44:39":2,"s:46:4:91:Infinity":3,"s:47:6:47:Infinity":4,"s:49:22:49:41":5,"s:50:21:50:Infinity":6,"b:50:21:50:43:50:43:50:Infinity":0,"s:52:22:64:Infinity":7,"b:60:10:60:34:60:34:60:Infinity":1,"s:67:29:67:Infinity":8,"s:69:6:80:Infinity":9,"s:70:8:80:Infinity":10,"b:78:12:78:37:78:37:78:Infinity":2,"s:83:6:83:Infinity":11,"s:85:6:85:Infinity":12,"s:88:6:88:Infinity":13,"s:89:6:89:Infinity":14,"s:91:6:91:Infinity":15,"f:95:15:95:28":2,"s:97:23:97:43":16,"s:99:16:101:Infinity":17,"s:104:24:104:Infinity":18,"b:106:4:113:Infinity:undefined:undefined:undefined:undefined":3,"s:106:4:113:Infinity":19,"b:106:8:106:38:106:38:106:51":4,"s:108:6:113:Infinity":20,"s:116:4:116:Infinity":21,"f:119:15:119:Infinity":3,"s:125:16:130:Infinity":22,"s:133:4:133:Infinity":23,"f:136:15:136:37":4,"s:138:16:143:Infinity":24,"s:146:4:146:Infinity":25,"f:149:15:149:36":5,"s:151:16:158:Infinity":26,"s:161:4:161:Infinity":27,"b:161:11:161:26:161:26:161:Infinity":5,"f:164:15:164:33":6,"s:165:31:165:Infinity":28,"s:167:16:173:Infinity":29,"s:176:19:176:87":30,"f:176:28:176:33":7,"s:176:44:176:86":31,"s:178:18:178:Infinity":32,"s:180:22:180:85":33,"f:180:28:180:36":8,"s:180:42:180:84":34,"f:180:50:180:56":9,"s:180:70:180:83":35,"s:182:4:182:Infinity":36,"f:182:21:182:26":10,"s:182:33:182:79":37,"f:185:15:185:29":11,"s:186:16:188:Infinity":38,"s:191:4:191:Infinity":39,"b:191:11:191:26:191:26:191:Infinity":6,"f:194:15:194:Infinity":12,"s:200:16:204:Infinity":40,"s:207:4:207:Infinity":41,"f:211:15:211:39":13,"s:213:19:220:27":42,"s:222:4:222:Infinity":43}}}
,"/a0/usr/projects/jh_salon_twin/backend/src/repositories/ClientRepository.ts": {"path":"/a0/usr/projects/jh_salon_twin/backend/src/repositories/ClientRepository.ts","statementMap":{"0":{"start":{"line":5,"column":20},"end":{"line":5,"column":81}},"1":{"start":{"line":6,"column":8},"end":{"line":6,"column":null}},"2":{"start":{"line":10,"column":20},"end":{"line":10,"column":89}},"3":{"start":{"line":11,"column":8},"end":{"line":11,"column":null}},"4":{"start":{"line":15,"column":24},"end":{"line":15,"column":null}},"5":{"start":{"line":17,"column":8},"end":{"line":18,"column":null}},"6":{"start":{"line":18,"column":12},"end":{"line":18,"column":null}},"7":{"start":{"line":21,"column":20},"end":{"line":30,"column":null}},"8":{"start":{"line":33,"column":8},"end":{"line":33,"column":null}}},"fnMap":{"0":{"name":"(anonymous_0)","decl":{"start":{"line":4,"column":17},"end":{"line":4,"column":27}},"loc":{"start":{"line":4,"column":27},"end":{"line":6,"column":null}},"line":4},"1":{"name":"(anonymous_1)","decl":{"start":{"line":9,"column":17},"end":{"line":9,"column":29}},"loc":{"start":{"line":9,"column":44},"end":{"line":11,"column":null}},"line":9},"2":{"name":"(anonymous_2)","decl":{"start":{"line":14,"column":17},"end":{"line":14,"column":24}},"loc":{"start":{"line":14,"column":35},"end":{"line":33,"column":null}},"line":14}},"branchMap":{"0":{"loc":{"start":{"line":15,"column":24},"end":{"line":15,"column":null}},"type":"binary-expr","locations":[{"start":{"line":15,"column":24},"end":{"line":15,"column":41}},{"start":{"line":15,"column":41},"end":{"line":15,"column":null}}],"line":15},"1":{"loc":{"start":{"line":17,"column":8},"end":{"line":18,"column":null}},"type":"if","locations":[{"start":{"line":17,"column":8},"end":{"line":18,"column":null}},{"start":{},"end":{}}],"line":17},"2":{"loc":{"start":{"line":29,"column":16},"end":{"line":29,"column":null}},"type":"binary-expr","locations":[{"start":{"line":29,"column":16},"end":{"line":29,"column":36}},{"start":{"line":29,"column":36},"end":{"line":29,"column":null}}],"line":29}},"s":{"0":3,"1":2,"2":3,"3":2,"4":4,"5":4,"6":1,"7":3,"8":2},"f":{"0":1,"1":1,"2":1},"b":{"0":[4,3],"1":[1,3],"2":[3,1]},"meta":{"lastBranch":3,"lastFunction":3,"lastStatement":9,"seen":{"f:4:17:4:27":0,"s:5:20:5:81":0,"s:6:8:6:Infinity":1,"f:9:17:9:29":1,"s:10:20:10:89":2,"s:11:8:11:Infinity":3,"f:14:17:14:24":2,"s:15:24:15:Infinity":4,"b:15:24:15:41:15:41:15:Infinity":0,"b:17:8:18:Infinity:undefined:undefined:undefined:undefined":1,"s:17:8:18:Infinity":5,"s:18:12:18:Infinity":6,"s:21:20:30:Infinity":7,"b:29:16:29:36:29:36:29:Infinity":2,"s:33:8:33:Infinity":8}}}
,"/a0/usr/projects/jh_salon_twin/backend/src/repositories/NotificationLogRepository.ts": {"path":"/a0/usr/projects/jh_salon_twin/backend/src/repositories/NotificationLogRepository.ts","statementMap":{"0":{"start":{"line":11,"column":22},"end":{"line":11,"column":null}},"1":{"start":{"line":12,"column":26},"end":{"line":12,"column":35}},"2":{"start":{"line":13,"column":21},"end":{"line":13,"column":null}},"3":{"start":{"line":15,"column":4},"end":{"line":18,"column":null}},"4":{"start":{"line":16,"column":6},"end":{"line":16,"column":null}},"5":{"start":{"line":17,"column":6},"end":{"line":17,"column":null}},"6":{"start":{"line":18,"column":6},"end":{"line":18,"column":null}},"7":{"start":{"line":21,"column":4},"end":{"line":24,"column":null}},"8":{"start":{"line":22,"column":6},"end":{"line":22,"column":null}},"9":{"start":{"line":23,"column":6},"end":{"line":23,"column":null}},"10":{"start":{"line":24,"column":6},"end":{"line":24,"column":null}},"11":{"start":{"line":27,"column":4},"end":{"line":27,"column":null}},"12":{"start":{"line":28,"column":16},"end":{"line":30,"column":null}},"13":{"start":{"line":32,"column":4},"end":{"line":32,"column":null}},"14":{"start":{"line":36,"column":16},"end":{"line":38,"column":null}},"15":{"start":{"line":40,"column":4},"end":{"line":40,"column":null}},"16":{"start":{"line":55,"column":16},"end":{"line":70,"column":null}},"17":{"start":{"line":72,"column":4},"end":{"line":72,"column":null}},"18":{"start":{"line":76,"column":33},"end":{"line":76,"column":35}},"19":{"start":{"line":77,"column":26},"end":{"line":77,"column":28}},"20":{"start":{"line":78,"column":21},"end":{"line":78,"column":null}},"21":{"start":{"line":80,"column":4},"end":{"line":80,"column":null}},"22":{"start":{"line":81,"column":4},"end":{"line":81,"column":null}},"23":{"start":{"line":82,"column":4},"end":{"line":82,"column":null}},"24":{"start":{"line":84,"column":4},"end":{"line":87,"column":null}},"25":{"start":{"line":85,"column":6},"end":{"line":85,"column":null}},"26":{"start":{"line":86,"column":6},"end":{"line":86,"column":null}},"27":{"start":{"line":87,"column":6},"end":{"line":87,"column":null}},"28":{"start":{"line":90,"column":4},"end":{"line":93,"column":null}},"29":{"start":{"line":91,"column":6},"end":{"line":91,"column":null}},"30":{"start":{"line":92,"column":6},"end":{"line":92,"column":null}},"31":{"start":{"line":93,"column":6},"end":{"line":93,"column":null}},"32":{"start":{"line":96,"column":4},"end":{"line":96,"column":null}},"33":{"start":{"line":97,"column":16},"end":{"line":101,"column":null}},"34":{"start":{"line":103,"column":4},"end":{"line":103,"column":null}},"35":{"start":{"line":107,"column":4},"end":{"line":107,"column":null}},"36":{"start":{"line":111,"column":4},"end":{"line":111,"column":null}},"37":{"start":{"line":115,"column":16},"end":{"line":126,"column":null}},"38":{"start":{"line":130,"column":21},"end":{"line":139,"column":null}},"39":{"start":{"line":142,"column":22},"end":{"line":150,"column":null}},"40":{"start":{"line":153,"column":4},"end":{"line":157,"column":null}}},"fnMap":{"0":{"name":"(anonymous_0)","decl":{"start":{"line":4,"column":15},"end":{"line":4,"column":null}},"loc":{"start":{"line":10,"column":4},"end":{"line":32,"column":null}},"line":10},"1":{"name":"(anonymous_1)","decl":{"start":{"line":35,"column":15},"end":{"line":35,"column":24}},"loc":{"start":{"line":35,"column":36},"end":{"line":40,"column":null}},"line":35},"2":{"name":"(anonymous_2)","decl":{"start":{"line":43,"column":15},"end":{"line":43,"column":22}},"loc":{"start":{"line":54,"column":5},"end":{"line":72,"column":null}},"line":54},"3":{"name":"(anonymous_3)","decl":{"start":{"line":75,"column":15},"end":{"line":75,"column":28}},"loc":{"start":{"line":75,"column":96},"end":{"line":103,"column":null}},"line":75},"4":{"name":"(anonymous_4)","decl":{"start":{"line":106,"column":15},"end":{"line":106,"column":26}},"loc":{"start":{"line":106,"column":38},"end":{"line":107,"column":null}},"line":106},"5":{"name":"(anonymous_5)","decl":{"start":{"line":110,"column":15},"end":{"line":110,"column":28}},"loc":{"start":{"line":110,"column":63},"end":{"line":111,"column":null}},"line":110},"6":{"name":"(anonymous_6)","decl":{"start":{"line":114,"column":15},"end":{"line":114,"column":24}},"loc":{"start":{"line":114,"column":52},"end":{"line":157,"column":null}},"line":114}},"branchMap":{"0":{"loc":{"start":{"line":6,"column":4},"end":{"line":6,"column":null}},"type":"default-arg","locations":[{"start":{"line":6,"column":12},"end":{"line":6,"column":null}}],"line":6},"1":{"loc":{"start":{"line":7,"column":4},"end":{"line":7,"column":null}},"type":"default-arg","locations":[{"start":{"line":7,"column":13},"end":{"line":7,"column":null}}],"line":7},"2":{"loc":{"start":{"line":15,"column":4},"end":{"line":18,"column":null}},"type":"if","locations":[{"start":{"line":15,"column":4},"end":{"line":18,"column":null}},{"start":{},"end":{}}],"line":15},"3":{"loc":{"start":{"line":21,"column":4},"end":{"line":24,"column":null}},"type":"if","locations":[{"start":{"line":21,"column":4},"end":{"line":24,"column":null}},{"start":{},"end":{}}],"line":21},"4":{"loc":{"start":{"line":40,"column":11},"end":{"line":40,"column":null}},"type":"binary-expr","locations":[{"start":{"line":40,"column":11},"end":{"line":40,"column":26}},{"start":{"line":40,"column":26},"end":{"line":40,"column":null}}],"line":40},"5":{"loc":{"start":{"line":61,"column":8},"end":{"line":61,"column":null}},"type":"binary-expr","locations":[{"start":{"line":61,"column":8},"end":{"line":61,"column":23}},{"start":{"line":61,"column":23},"end":{"line":61,"column":null}}],"line":61},"6":{"loc":{"start":{"line":62,"column":8},"end":{"line":62,"column":null}},"type":"binary-expr","locations":[{"start":{"line":62,"column":8},"end":{"line":62,"column":25}},{"start":{"line":62,"column":25},"end":{"line":62,"column":null}}],"line":62},"7":{"loc":{"start":{"line":63,"column":8},"end":{"line":63,"column":null}},"type":"binary-expr","locations":[{"start":{"line":63,"column":8},"end":{"line":63,"column":27}},{"start":{"line":63,"column":27},"end":{"line":63,"column":null}}],"line":63},"8":{"loc":{"start":{"line":67,"column":8},"end":{"line":67,"column":null}},"type":"binary-expr","locations":[{"start":{"line":67,"column":8},"end":{"line":67,"column":22}},{"start":{"line":67,"column":22},"end":{"line":67,"column":null}}],"line":67},"9":{"loc":{"start":{"line":68,"column":8},"end":{"line":68,"column":null}},"type":"binary-expr","locations":[{"start":{"line":68,"column":8},"end":{"line":68,"column":29}},{"start":{"line":68,"column":29},"end":{"line":68,"column":null}}],"line":68},"10":{"loc":{"start":{"line":69,"column":8},"end":{"line":69,"column":null}},"type":"binary-expr","locations":[{"start":{"line":69,"column":8},"end":{"line":69,"column":23}},{"start":{"line":69,"column":23},"end":{"line":69,"column":null}}],"line":69},"11":{"loc":{"start":{"line":84,"column":4},"end":{"line":87,"column":null}},"type":"if","locations":[{"start":{"line":84,"column":4},"end":{"line":87,"column":null}},{"start":{},"end":{}}],"line":84},"12":{"loc":{"start":{"line":90,"column":4},"end":{"line":93,"column":null}},"type":"if","locations":[{"start":{"line":90,"column":4},"end":{"line":93,"column":null}},{"start":{},"end":{}}],"line":90},"13":{"loc":{"start":{"line":103,"column":11},"end":{"line":103,"column":null}},"type":"binary-expr","locations":[{"start":{"line":103,"column":11},"end":{"line":103,"column":26}},{"start":{"line":103,"column":26},"end":{"line":103,"column":null}}],"line":103},"14":{"loc":{"start":{"line":114,"column":41},"end":{"line":114,"column":52}},"type":"default-arg","locations":[{"start":{"line":114,"column":48},"end":{"line":114,"column":52}}],"line":114},"15":{"loc":{"start":{"line":155,"column":15},"end":{"line":155,"column":null}},"type":"binary-expr","locations":[{"start":{"line":155,"column":15},"end":{"line":155,"column":35}},{"start":{"line":155,"column":35},"end":{"line":155,"column":null}}],"line":155}},"s":{"0":4,"1":4,"2":4,"3":4,"4":2,"5":2,"6":2,"7":4,"8":2,"9":2,"10":2,"11":4,"12":4,"13":4,"14":2,"15":2,"16":2,"17":2,"18":6,"19":6,"20":6,"21":6,"22":6,"23":6,"24":6,"25":2,"26":2,"27":2,"28":6,"29":2,"30":2,"31":2,"32":6,"33":6,"34":6,"35":1,"36":1,"37":3,"38":3,"39":3,"40":3},"f":{"0":2,"1":2,"2":2,"3":2,"4":2,"5":2,"6":2},"b":{"0":[4],"1":[4],"2":[2,2],"3":[2,2],"4":[2,1],"5":[2,1],"6":[2,1],"7":[2,1],"8":[2,1],"9":[2,2],"10":[2,2],"11":[2,4],"12":[2,4],"13":[6,1],"14":[3],"15":[3,2]},"meta":{"lastBranch":16,"lastFunction":7,"lastStatement":41,"seen":{"f:4:15:4:Infinity":0,"b:6:12:6:Infinity":0,"b:7:13:7:Infinity":1,"s:11:22:11:Infinity":0,"s:12:26:12:35":1,"s:13:21:13:Infinity":2,"b:15:4:18:Infinity:undefined:undefined:undefined:undefined":2,"s:15:4:18:Infinity":3,"s:16:6:16:Infinity":4,"s:17:6:17:Infinity":5,"s:18:6:18:Infinity":6,"b:21:4:24:Infinity:undefined:undefined:undefined:undefined":3,"s:21:4:24:Infinity":7,"s:22:6:22:Infinity":8,"s:23:6:23:Infinity":9,"s:24:6:24:Infinity":10,"s:27:4:27:Infinity":11,"s:28:16:30:Infinity":12,"s:32:4:32:Infinity":13,"f:35:15:35:24":1,"s:36:16:38:Infinity":14,"s:40:4:40:Infinity":15,"b:40:11:40:26:40:26:40:Infinity":4,"f:43:15:43:22":2,"s:55:16:70:Infinity":16,"b:61:8:61:23:61:23:61:Infinity":5,"b:62:8:62:25:62:25:62:Infinity":6,"b:63:8:63:27:63:27:63:Infinity":7,"b:67:8:67:22:67:22:67:Infinity":8,"b:68:8:68:29:68:29:68:Infinity":9,"b:69:8:69:23:69:23:69:Infinity":10,"s:72:4:72:Infinity":17,"f:75:15:75:28":3,"s:76:33:76:35":18,"s:77:26:77:28":19,"s:78:21:78:Infinity":20,"s:80:4:80:Infinity":21,"s:81:4:81:Infinity":22,"s:82:4:82:Infinity":23,"b:84:4:87:Infinity:undefined:undefined:undefined:undefined":11,"s:84:4:87:Infinity":24,"s:85:6:85:Infinity":25,"s:86:6:86:Infinity":26,"s:87:6:87:Infinity":27,"b:90:4:93:Infinity:undefined:undefined:undefined:undefined":12,"s:90:4:93:Infinity":28,"s:91:6:91:Infinity":29,"s:92:6:92:Infinity":30,"s:93:6:93:Infinity":31,"s:96:4:96:Infinity":32,"s:97:16:101:Infinity":33,"s:103:4:103:Infinity":34,"b:103:11:103:26:103:26:103:Infinity":13,"f:106:15:106:26":4,"s:107:4:107:Infinity":35,"f:110:15:110:28":5,"s:111:4:111:Infinity":36,"f:114:15:114:24":6,"b:114:48:114:52":14,"s:115:16:126:Infinity":37,"s:130:21:139:Infinity":38,"s:142:22:150:Infinity":39,"s:153:4:157:Infinity":40,"b:155:15:155:35:155:35:155:Infinity":15}}}
,"/a0/usr/projects/jh_salon_twin/backend/src/repositories/ServiceRepository.ts": {"path":"/a0/usr/projects/jh_salon_twin/backend/src/repositories/ServiceRepository.ts","statementMap":{"0":{"start":{"line":3,"column":25},"end":{"line":3,"column":null}},"1":{"start":{"line":21,"column":4},"end":{"line":21,"column":null}},"2":{"start":{"line":16,"column":11},"end":{"line":16,"column":null}},"3":{"start":{"line":17,"column":9},"end":{"line":17,"column":null}},"4":{"start":{"line":22,"column":4},"end":{"line":22,"column":null}},"5":{"start":{"line":23,"column":4},"end":{"line":23,"column":null}},"6":{"start":{"line":29,"column":4},"end":{"line":34,"column":null}},"7":{"start":{"line":38,"column":16},"end":{"line":45,"column":null}},"8":{"start":{"line":48,"column":4},"end":{"line":48,"column":null}},"9":{"start":{"line":52,"column":16},"end":{"line":57,"column":null}},"10":{"start":{"line":59,"column":4},"end":{"line":59,"column":null}},"11":{"start":{"line":63,"column":16},"end":{"line":63,"column":100}},"12":{"start":{"line":64,"column":4},"end":{"line":64,"column":null}},"13":{"start":{"line":68,"column":23},"end":{"line":68,"column":54}},"14":{"start":{"line":70,"column":16},"end":{"line":76,"column":null}},"15":{"start":{"line":79,"column":4},"end":{"line":79,"column":null}},"16":{"start":{"line":83,"column":23},"end":{"line":83,"column":54}},"17":{"start":{"line":84,"column":19},"end":{"line":84,"column":40}},"18":{"start":{"line":85,"column":24},"end":{"line":85,"column":null}},"19":{"start":{"line":87,"column":4},"end":{"line":89,"column":null}},"20":{"start":{"line":88,"column":6},"end":{"line":88,"column":null}},"21":{"start":{"line":89,"column":6},"end":{"line":89,"column":null}},"22":{"start":{"line":92,"column":16},"end":{"line":99,"column":null}},"23":{"start":{"line":102,"column":4},"end":{"line":102,"column":null}},"24":{"start":{"line":106,"column":22},"end":{"line":106,"column":75}},"25":{"start":{"line":107,"column":4},"end":{"line":108,"column":null}},"26":{"start":{"line":108,"column":6},"end":{"line":108,"column":null}},"27":{"start":{"line":113,"column":20},"end":{"line":113,"column":null}},"28":{"start":{"line":114,"column":4},"end":{"line":114,"column":null}},"29":{"start":{"line":116,"column":16},"end":{"line":128,"column":null}},"30":{"start":{"line":130,"column":4},"end":{"line":130,"column":null}},"31":{"start":{"line":134,"column":21},"end":{"line":134,"column":53}},"32":{"start":{"line":135,"column":4},"end":{"line":135,"column":null}},"33":{"start":{"line":135,"column":19},"end":{"line":135,"column":null}},"34":{"start":{"line":137,"column":10},"end":{"line":137,"column":null}},"35":{"start":{"line":138,"column":28},"end":{"line":138,"column":null}},"36":{"start":{"line":139,"column":25},"end":{"line":139,"column":null}},"37":{"start":{"line":140,"column":22},"end":{"line":140,"column":null}},"38":{"start":{"line":141,"column":25},"end":{"line":141,"column":null}},"39":{"start":{"line":142,"column":25},"end":{"line":142,"column":null}},"40":{"start":{"line":144,"column":4},"end":{"line":145,"column":null}},"41":{"start":{"line":145,"column":6},"end":{"line":145,"column":null}},"42":{"start":{"line":148,"column":25},"end":{"line":148,"column":59}},"43":{"start":{"line":149,"column":28},"end":{"line":149,"column":null}},"44":{"start":{"line":151,"column":16},"end":{"line":170,"column":null}},"45":{"start":{"line":172,"column":4},"end":{"line":172,"column":null}}},"fnMap":{"0":{"name":"(anonymous_0)","decl":{"start":{"line":20,"column":2},"end":{"line":20,"column":14}},"loc":{"start":{"line":20,"column":28},"end":{"line":23,"column":null}},"line":20},"1":{"name":"(anonymous_1)","decl":{"start":{"line":28,"column":9},"end":{"line":28,"column":30}},"loc":{"start":{"line":28,"column":53},"end":{"line":34,"column":null}},"line":28},"2":{"name":"(anonymous_2)","decl":{"start":{"line":37,"column":15},"end":{"line":37,"column":25}},"loc":{"start":{"line":37,"column":63},"end":{"line":48,"column":null}},"line":37},"3":{"name":"(anonymous_3)","decl":{"start":{"line":51,"column":15},"end":{"line":51,"column":23}},"loc":{"start":{"line":51,"column":59},"end":{"line":59,"column":null}},"line":51},"4":{"name":"(anonymous_4)","decl":{"start":{"line":62,"column":15},"end":{"line":62,"column":24}},"loc":{"start":{"line":62,"column":72},"end":{"line":64,"column":null}},"line":62},"5":{"name":"(anonymous_5)","decl":{"start":{"line":67,"column":15},"end":{"line":67,"column":26}},"loc":{"start":{"line":67,"column":76},"end":{"line":79,"column":null}},"line":67},"6":{"name":"(anonymous_6)","decl":{"start":{"line":82,"column":15},"end":{"line":82,"column":32}},"loc":{"start":{"line":82,"column":102},"end":{"line":102,"column":null}},"line":82},"7":{"name":"(anonymous_7)","decl":{"start":{"line":105,"column":15},"end":{"line":105,"column":42}},"loc":{"start":{"line":105,"column":112},"end":{"line":108,"column":null}},"line":105},"8":{"name":"(anonymous_8)","decl":{"start":{"line":112,"column":15},"end":{"line":112,"column":22}},"loc":{"start":{"line":112,"column":42},"end":{"line":130,"column":null}},"line":112},"9":{"name":"(anonymous_9)","decl":{"start":{"line":133,"column":15},"end":{"line":133,"column":22}},"loc":{"start":{"line":133,"column":99},"end":{"line":172,"column":null}},"line":133}},"branchMap":{"0":{"loc":{"start":{"line":3,"column":25},"end":{"line":3,"column":null}},"type":"binary-expr","locations":[{"start":{"line":3,"column":25},"end":{"line":3,"column":49}},{"start":{"line":3,"column":49},"end":{"line":3,"column":null}}],"line":3},"1":{"loc":{"start":{"line":51,"column":23},"end":{"line":51,"column":59}},"type":"default-arg","locations":[{"start":{"line":51,"column":41},"end":{"line":51,"column":59}}],"line":51},"2":{"loc":{"start":{"line":62,"column":36},"end":{"line":62,"column":72}},"type":"default-arg","locations":[{"start":{"line":62,"column":54},"end":{"line":62,"column":72}}],"line":62},"3":{"loc":{"start":{"line":67,"column":40},"end":{"line":67,"column":76}},"type":"default-arg","locations":[{"start":{"line":67,"column":58},"end":{"line":67,"column":76}}],"line":67},"4":{"loc":{"start":{"line":82,"column":46},"end":{"line":82,"column":82}},"type":"default-arg","locations":[{"start":{"line":82,"column":64},"end":{"line":82,"column":82}}],"line":82},"5":{"loc":{"start":{"line":87,"column":4},"end":{"line":89,"column":null}},"type":"if","locations":[{"start":{"line":87,"column":4},"end":{"line":89,"column":null}},{"start":{},"end":{}}],"line":87},"6":{"loc":{"start":{"line":102,"column":11},"end":{"line":102,"column":null}},"type":"binary-expr","locations":[{"start":{"line":102,"column":11},"end":{"line":102,"column":26}},{"start":{"line":102,"column":26},"end":{"line":102,"column":null}}],"line":102},"7":{"loc":{"start":{"line":105,"column":56},"end":{"line":105,"column":92}},"type":"default-arg","locations":[{"start":{"line":105,"column":74},"end":{"line":105,"column":92}}],"line":105},"8":{"loc":{"start":{"line":107,"column":4},"end":{"line":108,"column":null}},"type":"if","locations":[{"start":{"line":107,"column":4},"end":{"line":108,"column":null}},{"start":{},"end":{}}],"line":107},"9":{"loc":{"start":{"line":108,"column":37},"end":{"line":108,"column":60}},"type":"binary-expr","locations":[{"start":{"line":108,"column":37},"end":{"line":108,"column":55}},{"start":{"line":108,"column":55},"end":{"line":108,"column":60}}],"line":108},"10":{"loc":{"start":{"line":113,"column":20},"end":{"line":113,"column":null}},"type":"binary-expr","locations":[{"start":{"line":113,"column":20},"end":{"line":113,"column":37}},{"start":{"line":113,"column":37},"end":{"line":113,"column":null}}],"line":113},"11":{"loc":{"start":{"line":123,"column":8},"end":{"line":123,"column":null}},"type":"binary-expr","locations":[{"start":{"line":123,"column":8},"end":{"line":123,"column":28}},{"start":{"line":123,"column":28},"end":{"line":123,"column":null}}],"line":123},"12":{"loc":{"start":{"line":126,"column":8},"end":{"line":126,"column":null}},"type":"binary-expr","locations":[{"start":{"line":126,"column":8},"end":{"line":126,"column":25}},{"start":{"line":126,"column":25},"end":{"line":126,"column":null}}],"line":126},"13":{"loc":{"start":{"line":133,"column":63},"end":{"line":133,"column":99}},"type":"default-arg","locations":[{"start":{"line":133,"column":81},"end":{"line":133,"column":99}}],"line":133},"14":{"loc":{"start":{"line":135,"column":4},"end":{"line":135,"column":null}},"type":"if","locations":[{"start":{"line":135,"column":4},"end":{"line":135,"column":null}},{"start":{},"end":{}}],"line":135},"15":{"loc":{"start":{"line":137,"column":10},"end":{"line":137,"column":null}},"type":"binary-expr","locations":[{"start":{"line":137,"column":10},"end":{"line":137,"column":59}},{"start":{"line":137,"column":63},"end":{"line":137,"column":null}}],"line":137},"16":{"loc":{"start":{"line":137,"column":22},"end":{"line":137,"column":51}},"type":"binary-expr","locations":[{"start":{"line":137,"column":22},"end":{"line":137,"column":35}},{"start":{"line":137,"column":35},"end":{"line":137,"column":51}}],"line":137},"17":{"loc":{"start":{"line":138,"column":28},"end":{"line":138,"column":null}},"type":"binary-expr","locations":[{"start":{"line":138,"column":28},"end":{"line":138,"column":48}},{"start":{"line":138,"column":48},"end":{"line":138,"column":null}}],"line":138},"18":{"loc":{"start":{"line":139,"column":25},"end":{"line":139,"column":null}},"type":"binary-expr","locations":[{"start":{"line":139,"column":25},"end":{"line":139,"column":50}},{"start":{"line":139,"column":50},"end":{"line":139,"column":null}}],"line":139},"19":{"loc":{"start":{"line":140,"column":22},"end":{"line":140,"column":null}},"type":"binary-expr","locations":[{"start":{"line":140,"column":22},"end":{"line":140,"column":36}},{"start":{"line":140,"column":36},"end":{"line":140,"column":null}}],"line":140},"20":{"loc":{"start":{"line":141,"column":25},"end":{"line":141,"column":null}},"type":"binary-expr","locations":[{"start":{"line":141,"column":25},"end":{"line":141,"column":42}},{"start":{"line":141,"column":42},"end":{"line":141,"column":63}},{"start":{"line":141,"column":63},"end":{"line":141,"column":null}}],"line":141},"21":{"loc":{"start":{"line":142,"column":25},"end":{"line":142,"column":null}},"type":"binary-expr","locations":[{"start":{"line":142,"column":25},"end":{"line":142,"column":43}},{"start":{"line":142,"column":43},"end":{"line":142,"column":null}}],"line":142},"22":{"loc":{"start":{"line":144,"column":4},"end":{"line":145,"column":null}},"type":"if","locations":[{"start":{"line":144,"column":4},"end":{"line":145,"column":null}},{"start":{},"end":{}}],"line":144},"23":{"loc":{"start":{"line":149,"column":28},"end":{"line":149,"column":null}},"type":"cond-expr","locations":[{"start":{"line":149,"column":43},"end":{"line":149,"column":68}},{"start":{"line":149,"column":68},"end":{"line":149,"column":null}}],"line":149},"24":{"loc":{"start":{"line":172,"column":11},"end":{"line":172,"column":null}},"type":"binary-expr","locations":[{"start":{"line":172,"column":11},"end":{"line":172,"column":26}},{"start":{"line":172,"column":26},"end":{"line":172,"column":null}}],"line":172}},"s":{"0":2,"1":3,"2":3,"3":3,"4":3,"5":3,"6":15,"7":3,"8":3,"9":2,"10":2,"11":5,"12":5,"13":1,"14":1,"15":1,"16":9,"17":9,"18":9,"19":9,"20":3,"21":3,"22":9,"23":9,"24":6,"25":6,"26":3,"27":2,"28":2,"29":1,"30":1,"31":3,"32":3,"33":1,"34":2,"35":3,"36":3,"37":3,"38":3,"39":3,"40":3,"41":2,"42":1,"43":1,"44":3,"45":1},"f":{"0":3,"1":2,"2":2,"3":2,"4":2,"5":2,"6":2,"7":2,"8":2,"9":2},"b":{"0":[2,2],"1":[2],"2":[5],"3":[1],"4":[9],"5":[3,6],"6":[9,5],"7":[6],"8":[3,3],"9":[3,0],"10":[2,0],"11":[1,0],"12":[2,0],"13":[3],"14":[1,2],"15":[2,0],"16":[2,0],"17":[3,2],"18":[3,2],"19":[3,2],"20":[3,2,1],"21":[3,2],"22":[2,1],"23":[1,0],"24":[1,0]},"meta":{"lastBranch":25,"lastFunction":10,"lastStatement":46,"seen":{"s:3:25:3:Infinity":0,"b:3:25:3:49:3:49:3:Infinity":0,"f:20:2:20:14":0,"s:21:4:21:Infinity":1,"s:16:11:16:Infinity":2,"s:17:9:17:Infinity":3,"s:22:4:22:Infinity":4,"s:23:4:23:Infinity":5,"f:28:9:28:30":1,"s:29:4:34:Infinity":6,"f:37:15:37:25":2,"s:38:16:45:Infinity":7,"s:48:4:48:Infinity":8,"f:51:15:51:23":3,"b:51:41:51:59":1,"s:52:16:57:Infinity":9,"s:59:4:59:Infinity":10,"f:62:15:62:24":4,"b:62:54:62:72":2,"s:63:16:63:100":11,"s:64:4:64:Infinity":12,"f:67:15:67:26":5,"b:67:58:67:76":3,"s:68:23:68:54":13,"s:70:16:76:Infinity":14,"s:79:4:79:Infinity":15,"f:82:15:82:32":6,"b:82:64:82:82":4,"s:83:23:83:54":16,"s:84:19:84:40":17,"s:85:24:85:Infinity":18,"b:87:4:89:Infinity:undefined:undefined:undefined:undefined":5,"s:87:4:89:Infinity":19,"s:88:6:88:Infinity":20,"s:89:6:89:Infinity":21,"s:92:16:99:Infinity":22,"s:102:4:102:Infinity":23,"b:102:11:102:26:102:26:102:Infinity":6,"f:105:15:105:42":7,"b:105:74:105:92":7,"s:106:22:106:75":24,"b:107:4:108:Infinity:undefined:undefined:undefined:undefined":8,"s:107:4:108:Infinity":25,"s:108:6:108:Infinity":26,"b:108:37:108:55:108:55:108:60":9,"f:112:15:112:22":8,"s:113:20:113:Infinity":27,"b:113:20:113:37:113:37:113:Infinity":10,"s:114:4:114:Infinity":28,"s:116:16:128:Infinity":29,"b:123:8:123:28:123:28:123:Infinity":11,"b:126:8:126:25:126:25:126:Infinity":12,"s:130:4:130:Infinity":30,"f:133:15:133:22":9,"b:133:81:133:99":13,"s:134:21:134:53":31,"b:135:4:135:Infinity:undefined:undefined:undefined:undefined":14,"s:135:4:135:Infinity":32,"s:135:19:135:Infinity":33,"s:137:10:137:Infinity":34,"b:137:10:137:59:137:63:137:Infinity":15,"b:137:22:137:35:137:35:137:51":16,"s:138:28:138:Infinity":35,"b:138:28:138:48:138:48:138:Infinity":17,"s:139:25:139:Infinity":36,"b:139:25:139:50:139:50:139:Infinity":18,"s:140:22:140:Infinity":37,"b:140:22:140:36:140:36:140:Infinity":19,"s:141:25:141:Infinity":38,"b:141:25:141:42:141:42:141:63:141:63:141:Infinity":20,"s:142:25:142:Infinity":39,"b:142:25:142:43:142:43:142:Infinity":21,"b:144:4:145:Infinity:undefined:undefined:undefined:undefined":22,"s:144:4:145:Infinity":40,"s:145:6:145:Infinity":41,"s:148:25:148:59":42,"s:149:28:149:Infinity":43,"b:149:43:149:68:149:68:149:Infinity":23,"s:151:16:170:Infinity":44,"s:172:4:172:Infinity":45,"b:172:11:172:26:172:26:172:Infinity":24}}}
,"/a0/usr/projects/jh_salon_twin/backend/src/repositories/StaffRepository.ts": {"path":"/a0/usr/projects/jh_salon_twin/backend/src/repositories/StaffRepository.ts","statementMap":{"0":{"start":{"line":3,"column":25},"end":{"line":3,"column":null}},"1":{"start":{"line":4,"column":46},"end":{"line":4,"column":null}},"2":{"start":{"line":23,"column":30},"end":{"line":23,"column":39}},"3":{"start":{"line":24,"column":20},"end":{"line":24,"column":37}},"4":{"start":{"line":26,"column":4},"end":{"line":28,"column":null}},"5":{"start":{"line":27,"column":6},"end":{"line":27,"column":null}},"6":{"start":{"line":28,"column":6},"end":{"line":28,"column":null}},"7":{"start":{"line":31,"column":4},"end":{"line":33,"column":null}},"8":{"start":{"line":32,"column":6},"end":{"line":32,"column":null}},"9":{"start":{"line":33,"column":6},"end":{"line":33,"column":null}},"10":{"start":{"line":36,"column":4},"end":{"line":38,"column":null}},"11":{"start":{"line":37,"column":6},"end":{"line":37,"column":null}},"12":{"start":{"line":38,"column":6},"end":{"line":38,"column":null}},"13":{"start":{"line":41,"column":16},"end":{"line":46,"column":null}},"14":{"start":{"line":48,"column":4},"end":{"line":48,"column":null}},"15":{"start":{"line":52,"column":16},"end":{"line":54,"column":null}},"16":{"start":{"line":56,"column":4},"end":{"line":56,"column":null}},"17":{"start":{"line":60,"column":16},"end":{"line":66,"column":null}},"18":{"start":{"line":68,"column":4},"end":{"line":68,"column":null}},"19":{"start":{"line":72,"column":20},"end":{"line":72,"column":null}},"20":{"start":{"line":73,"column":16},"end":{"line":77,"column":null}},"21":{"start":{"line":79,"column":4},"end":{"line":79,"column":null}},"22":{"start":{"line":83,"column":4},"end":{"line":83,"column":null}},"23":{"start":{"line":83,"column":42},"end":{"line":83,"column":null}},"24":{"start":{"line":84,"column":16},"end":{"line":89,"column":null}},"25":{"start":{"line":90,"column":4},"end":{"line":90,"column":null}},"26":{"start":{"line":91,"column":4},"end":{"line":91,"column":null}},"27":{"start":{"line":95,"column":21},"end":{"line":95,"column":53}},"28":{"start":{"line":96,"column":4},"end":{"line":96,"column":null}},"29":{"start":{"line":96,"column":19},"end":{"line":96,"column":null}},"30":{"start":{"line":98,"column":19},"end":{"line":106,"column":null}},"31":{"start":{"line":108,"column":25},"end":{"line":108,"column":56}},"32":{"start":{"line":109,"column":16},"end":{"line":119,"column":null}},"33":{"start":{"line":128,"column":16},"end":{"line":128,"column":40}},"34":{"start":{"line":129,"column":4},"end":{"line":129,"column":null}},"35":{"start":{"line":133,"column":4},"end":{"line":133,"column":null}},"36":{"start":{"line":137,"column":4},"end":{"line":137,"column":null}}},"fnMap":{"0":{"name":"(anonymous_0)","decl":{"start":{"line":22,"column":15},"end":{"line":22,"column":23}},"loc":{"start":{"line":22,"column":91},"end":{"line":48,"column":null}},"line":22},"1":{"name":"(anonymous_1)","decl":{"start":{"line":51,"column":15},"end":{"line":51,"column":24}},"loc":{"start":{"line":51,"column":72},"end":{"line":56,"column":null}},"line":51},"2":{"name":"(anonymous_2)","decl":{"start":{"line":59,"column":15},"end":{"line":59,"column":26}},"loc":{"start":{"line":59,"column":76},"end":{"line":68,"column":null}},"line":59},"3":{"name":"(anonymous_3)","decl":{"start":{"line":71,"column":15},"end":{"line":71,"column":22}},"loc":{"start":{"line":71,"column":40},"end":{"line":79,"column":null}},"line":71},"4":{"name":"(anonymous_4)","decl":{"start":{"line":82,"column":15},"end":{"line":82,"column":36}},"loc":{"start":{"line":82,"column":36},"end":{"line":91,"column":null}},"line":82},"5":{"name":"(anonymous_5)","decl":{"start":{"line":94,"column":15},"end":{"line":94,"column":22}},"loc":{"start":{"line":94,"column":97},"end":{"line":129,"column":null}},"line":94},"6":{"name":"(anonymous_6)","decl":{"start":{"line":132,"column":15},"end":{"line":132,"column":23}},"loc":{"start":{"line":132,"column":71},"end":{"line":133,"column":null}},"line":132},"7":{"name":"(anonymous_7)","decl":{"start":{"line":136,"column":15},"end":{"line":136,"column":23}},"loc":{"start":{"line":136,"column":71},"end":{"line":137,"column":null}},"line":136}},"branchMap":{"0":{"loc":{"start":{"line":3,"column":25},"end":{"line":3,"column":null}},"type":"binary-expr","locations":[{"start":{"line":3,"column":25},"end":{"line":3,"column":49}},{"start":{"line":3,"column":49},"end":{"line":3,"column":null}}],"line":3},"1":{"loc":{"start":{"line":22,"column":23},"end":{"line":22,"column":59}},"type":"default-arg","locations":[{"start":{"line":22,"column":41},"end":{"line":22,"column":59}}],"line":22},"2":{"loc":{"start":{"line":22,"column":59},"end":{"line":22,"column":89}},"type":"default-arg","locations":[{"start":{"line":22,"column":87},"end":{"line":22,"column":89}}],"line":22},"3":{"loc":{"start":{"line":26,"column":4},"end":{"line":28,"column":null}},"type":"if","locations":[{"start":{"line":26,"column":4},"end":{"line":28,"column":null}},{"start":{},"end":{}}],"line":26},"4":{"loc":{"start":{"line":31,"column":4},"end":{"line":33,"column":null}},"type":"if","locations":[{"start":{"line":31,"column":4},"end":{"line":33,"column":null}},{"start":{},"end":{}}],"line":31},"5":{"loc":{"start":{"line":36,"column":4},"end":{"line":38,"column":null}},"type":"if","locations":[{"start":{"line":36,"column":4},"end":{"line":38,"column":null}},{"start":{},"end":{}}],"line":36},"6":{"loc":{"start":{"line":51,"column":36},"end":{"line":51,"column":72}},"type":"default-arg","locations":[{"start":{"line":51,"column":54},"end":{"line":51,"column":72}}],"line":51},"7":{"loc":{"start":{"line":59,"column":40},"end":{"line":59,"column":76}},"type":"default-arg","locations":[{"start":{"line":59,"column":58},"end":{"line":59,"column":76}}],"line":59},"8":{"loc":{"start":{"line":72,"column":20},"end":{"line":72,"column":null}},"type":"binary-expr","locations":[{"start":{"line":72,"column":20},"end":{"line":72,"column":37}},{"start":{"line":72,"column":37},"end":{"line":72,"column":null}}],"line":72},"9":{"loc":{"start":{"line":77,"column":44},"end":{"line":77,"column":71}},"type":"binary-expr","locations":[{"start":{"line":77,"column":44},"end":{"line":77,"column":65}},{"start":{"line":77,"column":65},"end":{"line":77,"column":71}}],"line":77},"10":{"loc":{"start":{"line":77,"column":71},"end":{"line":77,"column":95}},"type":"binary-expr","locations":[{"start":{"line":77,"column":71},"end":{"line":77,"column":84}},{"start":{"line":77,"column":84},"end":{"line":77,"column":95}}],"line":77},"11":{"loc":{"start":{"line":83,"column":4},"end":{"line":83,"column":null}},"type":"if","locations":[{"start":{"line":83,"column":4},"end":{"line":83,"column":null}},{"start":{},"end":{}}],"line":83},"12":{"loc":{"start":{"line":94,"column":61},"end":{"line":94,"column":97}},"type":"default-arg","locations":[{"start":{"line":94,"column":79},"end":{"line":94,"column":97}}],"line":94},"13":{"loc":{"start":{"line":96,"column":4},"end":{"line":96,"column":null}},"type":"if","locations":[{"start":{"line":96,"column":4},"end":{"line":96,"column":null}},{"start":{},"end":{}}],"line":96},"14":{"loc":{"start":{"line":99,"column":6},"end":{"line":99,"column":null}},"type":"binary-expr","locations":[{"start":{"line":99,"column":6},"end":{"line":99,"column":24}},{"start":{"line":99,"column":24},"end":{"line":99,"column":null}}],"line":99},"15":{"loc":{"start":{"line":100,"column":6},"end":{"line":100,"column":null}},"type":"binary-expr","locations":[{"start":{"line":100,"column":6},"end":{"line":100,"column":20}},{"start":{"line":100,"column":20},"end":{"line":100,"column":null}}],"line":100},"16":{"loc":{"start":{"line":101,"column":6},"end":{"line":101,"column":null}},"type":"binary-expr","locations":[{"start":{"line":101,"column":6},"end":{"line":101,"column":27}},{"start":{"line":101,"column":27},"end":{"line":101,"column":null}}],"line":101},"17":{"loc":{"start":{"line":102,"column":6},"end":{"line":102,"column":null}},"type":"binary-expr","locations":[{"start":{"line":102,"column":6},"end":{"line":102,"column":19}},{"start":{"line":102,"column":19},"end":{"line":102,"column":null}}],"line":102},"18":{"loc":{"start":{"line":103,"column":6},"end":{"line":103,"column":null}},"type":"binary-expr","locations":[{"start":{"line":103,"column":6},"end":{"line":103,"column":24}},{"start":{"line":103,"column":24},"end":{"line":103,"column":null}}],"line":103},"19":{"loc":{"start":{"line":109,"column":16},"end":{"line":119,"column":null}},"type":"cond-expr","locations":[{"start":{"line":110,"column":8},"end":{"line":119,"column":null}},{"start":{"line":119,"column":8},"end":{"line":119,"column":null}}],"line":109},"20":{"loc":{"start":{"line":129,"column":11},"end":{"line":129,"column":null}},"type":"binary-expr","locations":[{"start":{"line":129,"column":11},"end":{"line":129,"column":26}},{"start":{"line":129,"column":26},"end":{"line":129,"column":null}}],"line":129},"21":{"loc":{"start":{"line":132,"column":35},"end":{"line":132,"column":71}},"type":"default-arg","locations":[{"start":{"line":132,"column":53},"end":{"line":132,"column":71}}],"line":132},"22":{"loc":{"start":{"line":136,"column":35},"end":{"line":136,"column":71}},"type":"default-arg","locations":[{"start":{"line":136,"column":53},"end":{"line":136,"column":71}}],"line":136}},"s":{"0":3,"1":3,"2":2,"3":2,"4":2,"5":0,"6":0,"7":2,"8":0,"9":0,"10":2,"11":0,"12":0,"13":2,"14":1,"15":6,"16":5,"17":0,"18":0,"19":2,"20":2,"21":1,"22":1,"23":0,"24":1,"25":1,"26":1,"27":3,"28":3,"29":1,"30":2,"31":3,"32":2,"33":3,"34":1,"35":2,"36":2},"f":{"0":3,"1":3,"2":3,"3":3,"4":3,"5":3,"6":3,"7":3},"b":{"0":[3,3],"1":[2],"2":[2],"3":[0,2],"4":[0,2],"5":[0,2],"6":[6],"7":[0],"8":[2,2],"9":[2,2],"10":[2,2],"11":[0,1],"12":[3],"13":[1,2],"14":[2,0],"15":[3,2],"16":[3,2],"17":[3,2],"18":[3,2],"19":[0,2],"20":[1,0],"21":[2],"22":[2]},"meta":{"lastBranch":23,"lastFunction":8,"lastStatement":37,"seen":{"s:3:25:3:Infinity":0,"b:3:25:3:49:3:49:3:Infinity":0,"s:4:46:4:Infinity":1,"f:22:15:22:23":0,"b:22:41:22:59":1,"b:22:87:22:89":2,"s:23:30:23:39":2,"s:24:20:24:37":3,"b:26:4:28:Infinity:undefined:undefined:undefined:undefined":3,"s:26:4:28:Infinity":4,"s:27:6:27:Infinity":5,"s:28:6:28:Infinity":6,"b:31:4:33:Infinity:undefined:undefined:undefined:undefined":4,"s:31:4:33:Infinity":7,"s:32:6:32:Infinity":8,"s:33:6:33:Infinity":9,"b:36:4:38:Infinity:undefined:undefined:undefined:undefined":5,"s:36:4:38:Infinity":10,"s:37:6:37:Infinity":11,"s:38:6:38:Infinity":12,"s:41:16:46:Infinity":13,"s:48:4:48:Infinity":14,"f:51:15:51:24":1,"b:51:54:51:72":6,"s:52:16:54:Infinity":15,"s:56:4:56:Infinity":16,"f:59:15:59:26":2,"b:59:58:59:76":7,"s:60:16:66:Infinity":17,"s:68:4:68:Infinity":18,"f:71:15:71:22":3,"s:72:20:72:Infinity":19,"b:72:20:72:37:72:37:72:Infinity":8,"s:73:16:77:Infinity":20,"b:77:44:77:65:77:65:77:71":9,"b:77:71:77:84:77:84:77:95":10,"s:79:4:79:Infinity":21,"f:82:15:82:36":4,"b:83:4:83:Infinity:undefined:undefined:undefined:undefined":11,"s:83:4:83:Infinity":22,"s:83:42:83:Infinity":23,"s:84:16:89:Infinity":24,"s:90:4:90:Infinity":25,"s:91:4:91:Infinity":26,"f:94:15:94:22":5,"b:94:79:94:97":12,"s:95:21:95:53":27,"b:96:4:96:Infinity:undefined:undefined:undefined:undefined":13,"s:96:4:96:Infinity":28,"s:96:19:96:Infinity":29,"s:98:19:106:Infinity":30,"b:99:6:99:24:99:24:99:Infinity":14,"b:100:6:100:20:100:20:100:Infinity":15,"b:101:6:101:27:101:27:101:Infinity":16,"b:102:6:102:19:102:19:102:Infinity":17,"b:103:6:103:24:103:24:103:Infinity":18,"s:108:25:108:56":31,"s:109:16:119:Infinity":32,"b:110:8:119:Infinity:119:8:119:Infinity":19,"s:128:16:128:40":33,"s:129:4:129:Infinity":34,"b:129:11:129:26:129:26:129:Infinity":20,"f:132:15:132:23":6,"b:132:53:132:71":21,"s:133:4:133:Infinity":35,"f:136:15:136:23":7,"b:136:53:136:71":22,"s:137:4:137:Infinity":36}}}
,"/a0/usr/projects/jh_salon_twin/backend/src/routes/appointmentRoutes.ts": {"path":"/a0/usr/projects/jh_salon_twin/backend/src/routes/appointmentRoutes.ts","statementMap":{"0":{"start":{"line":8,"column":6},"end":{"line":8,"column":23}},"1":{"start":{"line":9,"column":0},"end":{"line":9,"column":null}},"2":{"start":{"line":11,"column":0},"end":{"line":19,"column":null}},"3":{"start":{"line":12,"column":4},"end":{"line":17,"column":null}},"4":{"start":{"line":13,"column":29},"end":{"line":13,"column":66}},"5":{"start":{"line":14,"column":8},"end":{"line":14,"column":null}},"6":{"start":{"line":16,"column":8},"end":{"line":16,"column":null}},"7":{"start":{"line":17,"column":8},"end":{"line":17,"column":null}},"8":{"start":{"line":21,"column":0},"end":{"line":29,"column":null}},"9":{"start":{"line":22,"column":4},"end":{"line":27,"column":null}},"10":{"start":{"line":23,"column":28},"end":{"line":23,"column":72}},"11":{"start":{"line":24,"column":8},"end":{"line":24,"column":null}},"12":{"start":{"line":26,"column":8},"end":{"line":26,"column":null}},"13":{"start":{"line":27,"column":8},"end":{"line":27,"column":null}},"14":{"start":{"line":31,"column":0},"end":{"line":55,"column":null}},"15":{"start":{"line":32,"column":4},"end":{"line":53,"column":null}},"16":{"start":{"line":33,"column":32},"end":{"line":33,"column":null}},"17":{"start":{"line":34,"column":23},"end":{"line":34,"column":66}},"18":{"start":{"line":36,"column":8},"end":{"line":37,"column":null}},"19":{"start":{"line":37,"column":12},"end":{"line":37,"column":null}},"20":{"start":{"line":40,"column":28},"end":{"line":40,"column":105}},"21":{"start":{"line":41,"column":8},"end":{"line":42,"column":null}},"22":{"start":{"line":42,"column":12},"end":{"line":42,"column":null}},"23":{"start":{"line":46,"column":8},"end":{"line":47,"column":null}},"24":{"start":{"line":47,"column":12},"end":{"line":47,"column":null}},"25":{"start":{"line":50,"column":8},"end":{"line":50,"column":null}},"26":{"start":{"line":52,"column":8},"end":{"line":52,"column":null}},"27":{"start":{"line":53,"column":8},"end":{"line":53,"column":null}},"28":{"start":{"line":57,"column":0},"end":{"line":68,"column":null}},"29":{"start":{"line":58,"column":4},"end":{"line":66,"column":null}},"30":{"start":{"line":59,"column":28},"end":{"line":59,"column":87}},"31":{"start":{"line":60,"column":8},"end":{"line":61,"column":null}},"32":{"start":{"line":61,"column":12},"end":{"line":61,"column":null}},"33":{"start":{"line":63,"column":8},"end":{"line":63,"column":null}},"34":{"start":{"line":65,"column":8},"end":{"line":65,"column":null}},"35":{"start":{"line":66,"column":8},"end":{"line":66,"column":null}},"36":{"start":{"line":70,"column":0},"end":{"line":79,"column":null}},"37":{"start":{"line":71,"column":4},"end":{"line":77,"column":null}},"38":{"start":{"line":72,"column":58},"end":{"line":72,"column":null}},"39":{"start":{"line":73,"column":24},"end":{"line":73,"column":130}},"40":{"start":{"line":74,"column":8},"end":{"line":74,"column":null}},"41":{"start":{"line":76,"column":8},"end":{"line":76,"column":null}},"42":{"start":{"line":77,"column":8},"end":{"line":77,"column":null}},"43":{"start":{"line":81,"column":0},"end":{"line":93,"column":null}},"44":{"start":{"line":82,"column":4},"end":{"line":91,"column":null}},"45":{"start":{"line":83,"column":34},"end":{"line":83,"column":null}},"46":{"start":{"line":84,"column":24},"end":{"line":84,"column":122}},"47":{"start":{"line":85,"column":8},"end":{"line":86,"column":null}},"48":{"start":{"line":86,"column":12},"end":{"line":86,"column":null}},"49":{"start":{"line":88,"column":8},"end":{"line":88,"column":null}},"50":{"start":{"line":90,"column":8},"end":{"line":90,"column":null}},"51":{"start":{"line":91,"column":8},"end":{"line":91,"column":null}},"52":{"start":{"line":97,"column":0},"end":{"line":108,"column":null}},"53":{"start":{"line":98,"column":4},"end":{"line":106,"column":null}},"54":{"start":{"line":99,"column":23},"end":{"line":99,"column":74}},"55":{"start":{"line":100,"column":8},"end":{"line":101,"column":null}},"56":{"start":{"line":101,"column":12},"end":{"line":101,"column":null}},"57":{"start":{"line":103,"column":8},"end":{"line":103,"column":null}},"58":{"start":{"line":105,"column":8},"end":{"line":105,"column":null}},"59":{"start":{"line":106,"column":8},"end":{"line":106,"column":null}},"60":{"start":{"line":110,"column":0},"end":{"line":118,"column":null}},"61":{"start":{"line":111,"column":4},"end":{"line":116,"column":null}},"62":{"start":{"line":112,"column":54},"end":{"line":112,"column":null}},"63":{"start":{"line":113,"column":24},"end":{"line":113,"column":102}},"64":{"start":{"line":114,"column":8},"end":{"line":114,"column":null}},"65":{"start":{"line":116,"column":8},"end":{"line":116,"column":null}},"66":{"start":{"line":122,"column":0},"end":{"line":147,"column":null}},"67":{"start":{"line":123,"column":4},"end":{"line":145,"column":null}},"68":{"start":{"line":124,"column":26},"end":{"line":124,"column":49}},"69":{"start":{"line":125,"column":23},"end":{"line":140,"column":null}},"70":{"start":{"line":142,"column":8},"end":{"line":142,"column":null}},"71":{"start":{"line":144,"column":8},"end":{"line":144,"column":null}},"72":{"start":{"line":145,"column":8},"end":{"line":145,"column":null}},"73":{"start":{"line":150,"column":0},"end":{"line":170,"column":null}},"74":{"start":{"line":151,"column":4},"end":{"line":168,"column":null}},"75":{"start":{"line":152,"column":47},"end":{"line":152,"column":null}},"76":{"start":{"line":154,"column":8},"end":{"line":155,"column":null}},"77":{"start":{"line":155,"column":12},"end":{"line":155,"column":null}},"78":{"start":{"line":158,"column":22},"end":{"line":158,"column":87}},"79":{"start":{"line":160,"column":8},"end":{"line":164,"column":null}},"80":{"start":{"line":167,"column":8},"end":{"line":167,"column":null}},"81":{"start":{"line":168,"column":8},"end":{"line":168,"column":null}}},"fnMap":{"0":{"name":"(anonymous_0)","decl":{"start":{"line":11,"column":16},"end":{"line":11,"column":23}},"loc":{"start":{"line":11,"column":36},"end":{"line":19,"column":null}},"line":11},"1":{"name":"(anonymous_1)","decl":{"start":{"line":21,"column":17},"end":{"line":21,"column":24}},"loc":{"start":{"line":21,"column":37},"end":{"line":29,"column":null}},"line":21},"2":{"name":"(anonymous_2)","decl":{"start":{"line":31,"column":28},"end":{"line":31,"column":35}},"loc":{"start":{"line":31,"column":48},"end":{"line":55,"column":null}},"line":31},"3":{"name":"(anonymous_3)","decl":{"start":{"line":57,"column":25},"end":{"line":57,"column":32}},"loc":{"start":{"line":57,"column":45},"end":{"line":68,"column":null}},"line":57},"4":{"name":"(anonymous_4)","decl":{"start":{"line":70,"column":29},"end":{"line":70,"column":36}},"loc":{"start":{"line":70,"column":49},"end":{"line":79,"column":null}},"line":70},"5":{"name":"(anonymous_5)","decl":{"start":{"line":81,"column":41},"end":{"line":81,"column":48}},"loc":{"start":{"line":81,"column":61},"end":{"line":93,"column":null}},"line":81},"6":{"name":"(anonymous_6)","decl":{"start":{"line":97,"column":34},"end":{"line":97,"column":41}},"loc":{"start":{"line":97,"column":54},"end":{"line":108,"column":null}},"line":97},"7":{"name":"(anonymous_7)","decl":{"start":{"line":110,"column":32},"end":{"line":110,"column":39}},"loc":{"start":{"line":110,"column":52},"end":{"line":118,"column":null}},"line":110},"8":{"name":"(anonymous_8)","decl":{"start":{"line":122,"column":21},"end":{"line":122,"column":28}},"loc":{"start":{"line":122,"column":41},"end":{"line":147,"column":null}},"line":122},"9":{"name":"(anonymous_9)","decl":{"start":{"line":150,"column":21},"end":{"line":150,"column":28}},"loc":{"start":{"line":150,"column":41},"end":{"line":170,"column":null}},"line":150}},"branchMap":{"0":{"loc":{"start":{"line":34,"column":30},"end":{"line":34,"column":52}},"type":"binary-expr","locations":[{"start":{"line":34,"column":30},"end":{"line":34,"column":49}},{"start":{"line":34,"column":49},"end":{"line":34,"column":52}}],"line":34},"1":{"loc":{"start":{"line":36,"column":8},"end":{"line":37,"column":null}},"type":"if","locations":[{"start":{"line":36,"column":8},"end":{"line":37,"column":null}},{"start":{},"end":{}}],"line":36},"2":{"loc":{"start":{"line":41,"column":8},"end":{"line":42,"column":null}},"type":"if","locations":[{"start":{"line":41,"column":8},"end":{"line":42,"column":null}},{"start":{},"end":{}}],"line":41},"3":{"loc":{"start":{"line":46,"column":8},"end":{"line":47,"column":null}},"type":"if","locations":[{"start":{"line":46,"column":8},"end":{"line":47,"column":null}},{"start":{},"end":{}}],"line":46},"4":{"loc":{"start":{"line":46,"column":12},"end":{"line":46,"column":68}},"type":"binary-expr","locations":[{"start":{"line":46,"column":12},"end":{"line":46,"column":38}},{"start":{"line":46,"column":38},"end":{"line":46,"column":68}}],"line":46},"5":{"loc":{"start":{"line":60,"column":8},"end":{"line":61,"column":null}},"type":"if","locations":[{"start":{"line":60,"column":8},"end":{"line":61,"column":null}},{"start":{},"end":{}}],"line":60},"6":{"loc":{"start":{"line":73,"column":102},"end":{"line":73,"column":130}},"type":"binary-expr","locations":[{"start":{"line":73,"column":102},"end":{"line":73,"column":119}},{"start":{"line":73,"column":119},"end":{"line":73,"column":130}}],"line":73},"7":{"loc":{"start":{"line":85,"column":8},"end":{"line":86,"column":null}},"type":"if","locations":[{"start":{"line":85,"column":8},"end":{"line":86,"column":null}},{"start":{},"end":{}}],"line":85},"8":{"loc":{"start":{"line":100,"column":8},"end":{"line":101,"column":null}},"type":"if","locations":[{"start":{"line":100,"column":8},"end":{"line":101,"column":null}},{"start":{},"end":{}}],"line":100},"9":{"loc":{"start":{"line":154,"column":8},"end":{"line":155,"column":null}},"type":"if","locations":[{"start":{"line":154,"column":8},"end":{"line":155,"column":null}},{"start":{},"end":{}}],"line":154},"10":{"loc":{"start":{"line":154,"column":12},"end":{"line":154,"column":47}},"type":"binary-expr","locations":[{"start":{"line":154,"column":12},"end":{"line":154,"column":25}},{"start":{"line":154,"column":25},"end":{"line":154,"column":40}},{"start":{"line":154,"column":40},"end":{"line":154,"column":47}}],"line":154}},"s":{"0":1,"1":1,"2":1,"3":2,"4":2,"5":1,"6":1,"7":1,"8":1,"9":2,"10":2,"11":1,"12":1,"13":1,"14":1,"15":5,"16":5,"17":5,"18":5,"19":1,"20":4,"21":3,"22":1,"23":2,"24":1,"25":2,"26":1,"27":1,"28":1,"29":3,"30":3,"31":2,"32":1,"33":1,"34":1,"35":1,"36":1,"37":2,"38":2,"39":2,"40":1,"41":1,"42":1,"43":1,"44":3,"45":3,"46":3,"47":2,"48":1,"49":1,"50":1,"51":1,"52":1,"53":3,"54":3,"55":2,"56":1,"57":1,"58":1,"59":1,"60":1,"61":0,"62":0,"63":0,"64":0,"65":0,"66":1,"67":0,"68":0,"69":0,"70":0,"71":0,"72":0,"73":1,"74":0,"75":0,"76":0,"77":0,"78":0,"79":0,"80":0,"81":0},"f":{"0":2,"1":2,"2":5,"3":3,"4":2,"5":3,"6":3,"7":0,"8":0,"9":0},"b":{"0":[5,0],"1":[1,4],"2":[1,2],"3":[1,1],"4":[2,1],"5":[1,1],"6":[2,2],"7":[1,1],"8":[1,1],"9":[0,0],"10":[0,0,0]},"meta":{"lastBranch":11,"lastFunction":10,"lastStatement":82,"seen":{"s:8:6:8:23":0,"s:9:0:9:Infinity":1,"s:11:0:19:Infinity":2,"f:11:16:11:23":0,"s:12:4:17:Infinity":3,"s:13:29:13:66":4,"s:14:8:14:Infinity":5,"s:16:8:16:Infinity":6,"s:17:8:17:Infinity":7,"s:21:0:29:Infinity":8,"f:21:17:21:24":1,"s:22:4:27:Infinity":9,"s:23:28:23:72":10,"s:24:8:24:Infinity":11,"s:26:8:26:Infinity":12,"s:27:8:27:Infinity":13,"s:31:0:55:Infinity":14,"f:31:28:31:35":2,"s:32:4:53:Infinity":15,"s:33:32:33:Infinity":16,"s:34:23:34:66":17,"b:34:30:34:49:34:49:34:52":0,"b:36:8:37:Infinity:undefined:undefined:undefined:undefined":1,"s:36:8:37:Infinity":18,"s:37:12:37:Infinity":19,"s:40:28:40:105":20,"b:41:8:42:Infinity:undefined:undefined:undefined:undefined":2,"s:41:8:42:Infinity":21,"s:42:12:42:Infinity":22,"b:46:8:47:Infinity:undefined:undefined:undefined:undefined":3,"s:46:8:47:Infinity":23,"b:46:12:46:38:46:38:46:68":4,"s:47:12:47:Infinity":24,"s:50:8:50:Infinity":25,"s:52:8:52:Infinity":26,"s:53:8:53:Infinity":27,"s:57:0:68:Infinity":28,"f:57:25:57:32":3,"s:58:4:66:Infinity":29,"s:59:28:59:87":30,"b:60:8:61:Infinity:undefined:undefined:undefined:undefined":5,"s:60:8:61:Infinity":31,"s:61:12:61:Infinity":32,"s:63:8:63:Infinity":33,"s:65:8:65:Infinity":34,"s:66:8:66:Infinity":35,"s:70:0:79:Infinity":36,"f:70:29:70:36":4,"s:71:4:77:Infinity":37,"s:72:58:72:Infinity":38,"s:73:24:73:130":39,"b:73:102:73:119:73:119:73:130":6,"s:74:8:74:Infinity":40,"s:76:8:76:Infinity":41,"s:77:8:77:Infinity":42,"s:81:0:93:Infinity":43,"f:81:41:81:48":5,"s:82:4:91:Infinity":44,"s:83:34:83:Infinity":45,"s:84:24:84:122":46,"b:85:8:86:Infinity:undefined:undefined:undefined:undefined":7,"s:85:8:86:Infinity":47,"s:86:12:86:Infinity":48,"s:88:8:88:Infinity":49,"s:90:8:90:Infinity":50,"s:91:8:91:Infinity":51,"s:97:0:108:Infinity":52,"f:97:34:97:41":6,"s:98:4:106:Infinity":53,"s:99:23:99:74":54,"b:100:8:101:Infinity:undefined:undefined:undefined:undefined":8,"s:100:8:101:Infinity":55,"s:101:12:101:Infinity":56,"s:103:8:103:Infinity":57,"s:105:8:105:Infinity":58,"s:106:8:106:Infinity":59,"s:110:0:118:Infinity":60,"f:110:32:110:39":7,"s:111:4:116:Infinity":61,"s:112:54:112:Infinity":62,"s:113:24:113:102":63,"s:114:8:114:Infinity":64,"s:116:8:116:Infinity":65,"s:122:0:147:Infinity":66,"f:122:21:122:28":8,"s:123:4:145:Infinity":67,"s:124:26:124:49":68,"s:125:23:140:Infinity":69,"s:142:8:142:Infinity":70,"s:144:8:144:Infinity":71,"s:145:8:145:Infinity":72,"s:150:0:170:Infinity":73,"f:150:21:150:28":9,"s:151:4:168:Infinity":74,"s:152:47:152:Infinity":75,"b:154:8:155:Infinity:undefined:undefined:undefined:undefined":9,"s:154:8:155:Infinity":76,"b:154:12:154:25:154:25:154:40:154:40:154:47":10,"s:155:12:155:Infinity":77,"s:158:22:158:87":78,"s:160:8:164:Infinity":79,"s:167:8:167:Infinity":80,"s:168:8:168:Infinity":81}}}
,"/a0/usr/projects/jh_salon_twin/backend/src/routes/authRoutes.ts": {"path":"/a0/usr/projects/jh_salon_twin/backend/src/routes/authRoutes.ts","statementMap":{"0":{"start":{"line":8,"column":6},"end":{"line":8,"column":23}},"1":{"start":{"line":9,"column":19},"end":{"line":9,"column":null}},"2":{"start":{"line":10,"column":29},"end":{"line":10,"column":null}},"3":{"start":{"line":13,"column":6},"end":{"line":14,"column":52}},"4":{"start":{"line":14,"column":2},"end":{"line":14,"column":52}},"5":{"start":{"line":16,"column":6},"end":{"line":17,"column":62}},"6":{"start":{"line":17,"column":2},"end":{"line":17,"column":62}},"7":{"start":{"line":20,"column":0},"end":{"line":78,"column":null}},"8":{"start":{"line":21,"column":2},"end":{"line":76,"column":null}},"9":{"start":{"line":22,"column":32},"end":{"line":22,"column":null}},"10":{"start":{"line":24,"column":4},"end":{"line":25,"column":null}},"11":{"start":{"line":25,"column":6},"end":{"line":25,"column":null}},"12":{"start":{"line":29,"column":19},"end":{"line":31,"column":null}},"13":{"start":{"line":34,"column":4},"end":{"line":35,"column":null}},"14":{"start":{"line":35,"column":6},"end":{"line":35,"column":null}},"15":{"start":{"line":38,"column":18},"end":{"line":38,"column":null}},"16":{"start":{"line":40,"column":4},"end":{"line":41,"column":null}},"17":{"start":{"line":41,"column":6},"end":{"line":41,"column":null}},"18":{"start":{"line":44,"column":26},"end":{"line":44,"column":77}},"19":{"start":{"line":45,"column":4},"end":{"line":46,"column":null}},"20":{"start":{"line":46,"column":6},"end":{"line":46,"column":null}},"21":{"start":{"line":50,"column":25},"end":{"line":50,"column":null}},"22":{"start":{"line":51,"column":24},"end":{"line":51,"column":57}},"23":{"start":{"line":52,"column":25},"end":{"line":52,"column":59}},"24":{"start":{"line":55,"column":4},"end":{"line":60,"column":null}},"25":{"start":{"line":62,"column":4},"end":{"line":73,"column":null}},"26":{"start":{"line":75,"column":4},"end":{"line":75,"column":null}},"27":{"start":{"line":76,"column":4},"end":{"line":76,"column":null}},"28":{"start":{"line":81,"column":0},"end":{"line":146,"column":null}},"29":{"start":{"line":82,"column":2},"end":{"line":144,"column":null}},"30":{"start":{"line":83,"column":32},"end":{"line":83,"column":null}},"31":{"start":{"line":85,"column":4},"end":{"line":86,"column":null}},"32":{"start":{"line":86,"column":6},"end":{"line":86,"column":null}},"33":{"start":{"line":90,"column":19},"end":{"line":92,"column":null}},"34":{"start":{"line":95,"column":4},"end":{"line":96,"column":null}},"35":{"start":{"line":96,"column":6},"end":{"line":96,"column":null}},"36":{"start":{"line":99,"column":18},"end":{"line":99,"column":null}},"37":{"start":{"line":101,"column":4},"end":{"line":102,"column":null}},"38":{"start":{"line":102,"column":6},"end":{"line":102,"column":null}},"39":{"start":{"line":105,"column":26},"end":{"line":105,"column":77}},"40":{"start":{"line":106,"column":4},"end":{"line":107,"column":null}},"41":{"start":{"line":107,"column":6},"end":{"line":107,"column":null}},"42":{"start":{"line":111,"column":25},"end":{"line":117,"column":null}},"43":{"start":{"line":118,"column":24},"end":{"line":118,"column":57}},"44":{"start":{"line":119,"column":25},"end":{"line":119,"column":59}},"45":{"start":{"line":122,"column":4},"end":{"line":127,"column":null}},"46":{"start":{"line":129,"column":4},"end":{"line":141,"column":null}},"47":{"start":{"line":143,"column":4},"end":{"line":143,"column":null}},"48":{"start":{"line":144,"column":4},"end":{"line":144,"column":null}},"49":{"start":{"line":149,"column":0},"end":{"line":185,"column":null}},"50":{"start":{"line":150,"column":2},"end":{"line":183,"column":null}},"51":{"start":{"line":151,"column":30},"end":{"line":151,"column":null}},"52":{"start":{"line":153,"column":4},"end":{"line":154,"column":null}},"53":{"start":{"line":154,"column":6},"end":{"line":154,"column":null}},"54":{"start":{"line":158,"column":20},"end":{"line":158,"column":67}},"55":{"start":{"line":161,"column":19},"end":{"line":163,"column":null}},"56":{"start":{"line":166,"column":4},"end":{"line":167,"column":null}},"57":{"start":{"line":167,"column":6},"end":{"line":167,"column":null}},"58":{"start":{"line":171,"column":25},"end":{"line":177,"column":null}},"59":{"start":{"line":178,"column":27},"end":{"line":178,"column":60}},"60":{"start":{"line":180,"column":4},"end":{"line":180,"column":null}},
[...]
mn":null}}],"line":331},"35":{"loc":{"start":{"line":332,"column":17},"end":{"line":332,"column":null}},"type":"binary-expr","locations":[{"start":{"line":332,"column":17},"end":{"line":332,"column":35}},{"start":{"line":332,"column":35},"end":{"line":332,"column":null}}],"line":332}},"s":{"0":5,"1":4,"2":1,"3":1,"4":1,"5":0,"6":0,"7":1,"8":5,"9":4,"10":1,"11":1,"12":1,"13":0,"14":0,"15":1,"16":8,"17":8,"18":0,"19":0,"20":0,"21":0,"22":0,"23":4,"24":4,"25":4,"26":4,"27":0,"28":0,"29":3,"30":3,"31":1,"32":1,"33":2,"34":2,"35":2,"36":2,"37":2,"38":2,"39":2,"40":2,"41":0,"42":0,"43":2,"44":2,"45":2,"46":2,"47":2,"48":2,"49":3,"50":3,"51":1,"52":1,"53":2,"54":2,"55":2,"56":2,"57":2,"58":2,"59":2,"60":2,"61":2,"62":0,"63":0,"64":2,"65":2,"66":2,"67":2,"68":2,"69":2,"70":2,"71":4,"72":4,"73":1,"74":3,"75":0,"76":3,"77":0,"78":3,"79":1,"80":1,"81":0,"82":2,"83":1,"84":1,"85":3,"86":3,"87":2,"88":2,"89":2,"90":1,"91":1,"92":1,"93":2,"94":1,"95":1,"96":0,"97":0,"98":2,"99":2,"100":2,"101":1,"102":1,"103":1,"104":2,"105":1,"106":1,"107":0,"108":0},"f":{"0":5,"1":5,"2":8,"3":4,"4":3,"5":2,"6":3,"7":2,"8":4,"9":2,"10":2},"b":{"0":[4,1],"1":[0,1],"2":[4,1],"3":[0,1],"4":[8,0],"5":[0,0],"6":[4,0],"7":[4,4],"8":[1,2],"9":[0,2],"10":[0,2],"11":[0,2],"12":[1,2],"13":[0,2],"14":[0,2],"15":[0,2],"16":[1,3],"17":[4,2],"18":[0,3],"19":[3,1],"20":[0,3],"21":[3,1],"22":[1,2],"23":[1,0],"24":[1,0],"25":[0,0],"26":[0,0],"27":[1,1],"28":[1,0],"29":[3,1],"30":[1,2],"31":[1,1],"32":[1,0],"33":[1,1],"34":[1,0],"35":[2,0]},"meta":{"lastBranch":36,"lastFunction":11,"lastStatement":109,"seen":{"f:35:15:35:30":0,"b:36:2:36:Infinity:undefined:undefined:undefined:undefined":0,"s:36:2:36:Infinity":0,"s:36:40:36:Infinity":1,"s:37:2:41:Infinity":2,"s:38:16:38:88":3,"b:39:4:39:Infinity:undefined:undefined:undefined:undefined":1,"s:39:4:39:Infinity":4,"s:39:25:39:Infinity":5,"s:41:4:41:Infinity":6,"s:43:2:43:Infinity":7,"f:46:15:46:30":1,"b:47:2:47:Infinity:undefined:undefined:undefined:undefined":2,"s:47:2:47:Infinity":8,"s:47:40:47:Infinity":9,"s:48:2:52:Infinity":10,"s:49:16:49:88":11,"b:50:4:50:Infinity:undefined:undefined:undefined:undefined":3,"s:50:4:50:Infinity":12,"s:50:25:50:Infinity":13,"s:52:4:52:Infinity":14,"s:54:2:54:Infinity":15,"f:57:15:57:28":2,"b:58:2:58:Infinity:undefined:undefined:undefined:undefined":4,"s:58:2:58:Infinity":16,"s:58:40:58:Infinity":17,"s:59:2:62:Infinity":18,"s:60:16:60:85":19,"b:61:4:61:Infinity:undefined:undefined:undefined:undefined":5,"s:61:4:61:Infinity":20,"s:61:25:61:Infinity":21,"s:65:2:65:Infinity":22,"f:68:15:68:Infinity":3,"s:72:2:81:Infinity":23,"s:73:16:75:Infinity":24,"b:77:4:78:Infinity:undefined:undefined:undefined:undefined":6,"s:77:4:78:Infinity":25,"b:77:8:77:27:77:27:77:65":7,"s:78:6:78:Infinity":26,"s:81:4:81:Infinity":27,"s:84:2:84:Infinity":28,"f:88:22:88:42":4,"s:89:16:89:54":29,"b:90:2:92:Infinity:undefined:undefined:undefined:undefined":8,"s:90:2:92:Infinity":30,"s:91:4:91:Infinity":31,"s:92:4:92:Infinity":32,"s:94:20:94:55":33,"s:95:15:95:Infinity":34,"s:96:17:96:77":35,"s:97:2:97:Infinity":36,"s:100:2:108:Infinity":37,"b:107:34:107:45:107:45:107:Infinity":9,"s:110:2:110:Infinity":38,"f:113:22:113:38":5,"s:114:16:114:54":39,"b:115:2:117:Infinity:undefined:undefined:undefined:undefined":10,"s:115:2:117:Infinity":40,"s:116:4:116:Infinity":41,"s:117:4:117:Infinity":42,"s:119:20:119:55":43,"s:120:15:120:Infinity":44,"s:121:17:121:77":45,"s:122:2:122:Infinity":46,"s:125:2:133:Infinity":47,"b:132:34:132:45:132:45:132:Infinity":11,"s:135:2:135:Infinity":48,"f:139:22:139:44":6,"s:140:16:140:54":49,"b:141:2:143:Infinity:undefined:undefined:undefined:undefined":12,"s:141:2:143:Infinity":50,"s:142:4:142:Infinity":51,"s:143:4:143:Infinity":52,"s:146:20:146:55":53,"s:147:18:147:Infinity":54,"s:148:15:155:Infinity":55,"s:162:17:162:88":56,"s:163:2:163:Infinity":57,"s:166:2:174:Infinity":58,"b:173:34:173:45:173:45:173:Infinity":13,"s:176:2:176:Infinity":59,"f:179:22:179:40":7,"s:180:16:180:54":60,"b:181:2:183:Infinity:undefined:undefined:undefined:undefined":14,"s:181:2:183:Infinity":61,"s:182:4:182:Infinity":62,"s:183:4:183:Infinity":63,"s:186:20:186:55":64,"s:187:18:187:Infinity":65,"s:188:15:194:Infinity":66,"s:200:17:200:88":67,"s:201:2:201:Infinity":68,"s:204:2:212:Infinity":69,"b:211:34:211:45:211:45:211:Infinity":15,"s:214:2:214:Infinity":70,"f:218:22:218:43":8,"s:220:22:220:92":71,"b:222:2:223:Infinity:undefined:undefined:undefined:undefined":16,"s:222:2:223:Infinity":72,"b:222:6:222:34:222:34:222:54":17,"s:223:4:223:Infinity":73,"b:225:2:226:Infinity:undefined:undefined:undefined:undefined":18,"s:225:2:226:Infinity":74,"b:225:6:225:32:225:32:225:50":19,"s:226:4:226:Infinity":75,"b:228:2:229:Infinity:undefined:undefined:undefined:undefined":20,"s:228:2:229:Infinity":76,"b:228:6:228:33:228:33:228:52":21,"s:229:4:229:Infinity":77,"b:234:2:258:Infinity:250:13:258:Infinity":22,"s:234:2:258:Infinity":78,"b:235:4:248:Infinity:242:11:248:Infinity":23,"s:235:4:248:Infinity":79,"s:236:6:241:Infinity":80,"b:240:8:240:31:240:31:240:33":24,"s:243:6:248:Infinity":81,"b:245:17:245:36:245:36:245:Infinity":25,"b:246:14:246:33:246:33:246:Infinity":26,"b:250:13:258:Infinity:256:9:258:Infinity":27,"s:250:13:258:Infinity":82,"s:251:4:255:Infinity":83,"b:253:12:253:31:253:31:253:Infinity":28,"s:258:4:258:Infinity":84,"s:262:2:270:Infinity":85,"b:268:13:268:32:268:32:268:Infinity":29,"b:269:34:269:45:269:45:269:Infinity":30,"s:272:2:272:Infinity":86,"f:276:22:276:53":9,"s:277:2:308:Infinity":87,"s:278:16:285:Infinity":88,"b:287:4:287:Infinity:undefined:undefined:undefined:undefined":31,"s:287:4:287:Infinity":89,"s:287:26:287:Infinity":90,"s:289:16:289:Infinity":91,"s:290:37:296:Infinity":92,"b:294:19:294:39:294:39:294:Infinity":32,"s:299:22:299:52":93,"s:300:24:300:56":94,"s:302:4:305:Infinity":95,"s:307:4:307:Infinity":96,"s:308:4:308:Infinity":97,"f:313:22:313:50":10,"s:314:2:346:Infinity":98,"s:315:16:322:Infinity":99,"b:324:4:324:Infinity:undefined:undefined:undefined:undefined":33,"s:324:4:324:Infinity":100,"s:324:26:324:Infinity":101,"s:326:16:326:Infinity":102,"s:327:41:334:Infinity":103,"b:331:19:331:39:331:39:331:Infinity":34,"b:332:17:332:35:332:35:332:Infinity":35,"s:337:22:337:56":104,"s:338:24:338:60":105,"s:340:4:343:Infinity":106,"s:345:4:345:Infinity":107,"s:346:4:346:Infinity":108}}}
,"/a0/usr/projects/jh_salon_twin/backend/src/services/SMSNotificationService.ts": {"path":"/a0/usr/projects/jh_salon_twin/backend/src/services/SMSNotificationService.ts","statementMap":{"0":{"start":{"line":4,"column":19},"end":{"line":4,"column":null}},"1":{"start":{"line":5,"column":18},"end":{"line":5,"column":null}},"2":{"start":{"line":6,"column":22},"end":{"line":6,"column":null}},"3":{"start":{"line":8,"column":6},"end":{"line":8,"column":44}},"4":{"start":{"line":11,"column":2},"end":{"line":11,"column":null}},"5":{"start":{"line":11,"column":32},"end":{"line":11,"column":55}},"6":{"start":{"line":15,"column":2},"end":{"line":23,"column":null}},"7":{"start":{"line":16,"column":19},"end":{"line":18,"column":null}},"8":{"start":{"line":20,"column":4},"end":{"line":21,"column":null}},"9":{"start":{"line":21,"column":6},"end":{"line":21,"column":null}},"10":{"start":{"line":26,"column":2},"end":{"line":26,"column":null}},"11":{"start":{"line":26,"column":22},"end":{"line":26,"column":null}},"12":{"start":{"line":27,"column":2},"end":{"line":27,"column":null}},"13":{"start":{"line":37,"column":32},"end":{"line":37,"column":null}},"14":{"start":{"line":38,"column":22},"end":{"line":38,"column":54}},"15":{"start":{"line":39,"column":17},"end":{"line":39,"column":63}},"16":{"start":{"line":39,"column":46},"end":{"line":39,"column":62}},"17":{"start":{"line":40,"column":2},"end":{"line":42,"column":null}},"18":{"start":{"line":41,"column":4},"end":{"line":41,"column":null}},"19":{"start":{"line":42,"column":4},"end":{"line":42,"column":null}},"20":{"start":{"line":44,"column":17},"end":{"line":44,"column":64}},"21":{"start":{"line":45,"column":17},"end":{"line":45,"column":null}},"22":{"start":{"line":46,"column":2},"end":{"line":57,"column":null}},"23":{"start":{"line":46,"column":21},"end":{"line":46,"column":24}},"24":{"start":{"line":47,"column":4},"end":{"line":57,"column":null}},"25":{"start":{"line":48,"column":22},"end":{"line":52,"column":8}},"26":{"start":{"line":53,"column":6},"end":{"line":53,"column":null}},"27":{"start":{"line":54,"column":6},"end":{"line":54,"column":null}},"28":{"start":{"line":56,"column":6},"end":{"line":56,"column":null}},"29":{"start":{"line":57,"column":6},"end":{"line":57,"column":null}},"30":{"start":{"line":57,"column":23},"end":{"line":57,"column":null}},"31":{"start":{"line":60,"column":2},"end":{"line":60,"column":null}},"32":{"start":{"line":61,"column":2},"end":{"line":61,"column":null}}},"fnMap":{"0":{"name":"sleep","decl":{"start":{"line":10,"column":9},"end":{"line":10,"column":15}},"loc":{"start":{"line":10,"column":27},"end":{"line":11,"column":null}},"line":10},"1":{"name":"(anonymous_1)","decl":{"start":{"line":11,"column":13},"end":{"line":11,"column":21}},"loc":{"start":{"line":11,"column":32},"end":{"line":11,"column":55}},"line":11},"2":{"name":"resolveSenderNumber","decl":{"start":{"line":14,"column":15},"end":{"line":14,"column":35}},"loc":{"start":{"line":14,"column":69},"end":{"line":27,"column":null}},"line":14},"3":{"name":"sendSMS","decl":{"start":{"line":36,"column":22},"end":{"line":36,"column":30}},"loc":{"start":{"line":36,"column":51},"end":{"line":61,"column":null}},"line":36},"4":{"name":"(anonymous_4)","decl":{"start":{"line":39,"column":36},"end":{"line":39,"column":41}},"loc":{"start":{"line":39,"column":46},"end":{"line":39,"column":62}},"line":39}},"branchMap":{"0":{"loc":{"start":{"line":20,"column":4},"end":{"line":21,"column":null}},"type":"if","locations":[{"start":{"line":20,"column":4},"end":{"line":21,"column":null}},{"start":{},"end":{}}],"line":20},"1":{"loc":{"start":{"line":20,"column":8},"end":{"line":20,"column":69}},"type":"binary-expr","locations":[{"start":{"line":20,"column":8},"end":{"line":20,"column":30}},{"start":{"line":20,"column":30},"end":{"line":20,"column":69}}],"line":20},"2":{"loc":{"start":{"line":26,"column":2},"end":{"line":26,"column":null}},"type":"if","locations":[{"start":{"line":26,"column":2},"end":{"line":26,"column":null}},{"start":{},"end":{}}],"line":26},"3":{"loc":{"start":{"line":39,"column":17},"end":{"line":39,"column":63}},"type":"binary-expr","locations":[{"start":{"line":39,"column":17},"end":{"line":39,"column":24}},{"start":{"line":39,"column":24},"end":{"line":39,"column":63}}],"line":39},"4":{"loc":{"start":{"line":40,"column":2},"end":{"line":42,"column":null}},"type":"if","locations":[{"start":{"line":40,"column":2},"end":{"line":42,"column":null}},{"start":{},"end":{}}],"line":40},"5":{"loc":{"start":{"line":44,"column":43},"end":{"line":44,"column":64}},"type":"binary-expr","locations":[{"start":{"line":44,"column":43},"end":{"line":44,"column":54}},{"start":{"line":44,"column":54},"end":{"line":44,"column":64}}],"line":44},"6":{"loc":{"start":{"line":57,"column":6},"end":{"line":57,"column":null}},"type":"if","locations":[{"start":{"line":57,"column":6},"end":{"line":57,"column":null}},{"start":{},"end":{}}],"line":57}},"s":{"0":8,"1":8,"2":8,"3":8,"4":5,"5":5,"6":5,"7":5,"8":5,"9":1,"10":4,"11":4,"12":4,"13":7,"14":7,"15":7,"16":13,"17":7,"18":2,"19":2,"20":5,"21":5,"22":5,"23":5,"24":10,"25":10,"26":3,"27":3,"28":7,"29":7,"30":5,"31":2,"32":2},"f":{"0":5,"1":5,"2":5,"3":7,"4":13},"b":{"0":[1,4],"1":[5,1],"2":[0,4],"3":[7,7],"4":[2,5],"5":[5,0],"6":[5,2]},"meta":{"lastBranch":7,"lastFunction":5,"lastStatement":33,"seen":{"s:4:19:4:Infinity":0,"s:5:18:5:Infinity":1,"s:6:22:6:Infinity":2,"s:8:6:8:44":3,"f:10:9:10:15":0,"s:11:2:11:Infinity":4,"f:11:13:11:21":1,"s:11:32:11:55":5,"f:14:15:14:35":2,"s:15:2:23:Infinity":6,"s:16:19:18:Infinity":7,"b:20:4:21:Infinity:undefined:undefined:undefined:undefined":0,"s:20:4:21:Infinity":8,"b:20:8:20:30:20:30:20:69":1,"s:21:6:21:Infinity":9,"b:26:2:26:Infinity:undefined:undefined:undefined:undefined":2,"s:26:2:26:Infinity":10,"s:26:22:26:Infinity":11,"s:27:2:27:Infinity":12,"f:36:22:36:30":3,"s:37:32:37:Infinity":13,"s:38:22:38:54":14,"s:39:17:39:63":15,"b:39:17:39:24:39:24:39:63":3,"f:39:36:39:41":4,"s:39:46:39:62":16,"b:40:2:42:Infinity:undefined:undefined:undefined:undefined":4,"s:40:2:42:Infinity":17,"s:41:4:41:Infinity":18,"s:42:4:42:Infinity":19,"s:44:17:44:64":20,"b:44:43:44:54:44:54:44:64":5,"s:45:17:45:Infinity":21,"s:46:2:57:Infinity":22,"s:46:21:46:24":23,"s:47:4:57:Infinity":24,"s:48:22:52:8":25,"s:53:6:53:Infinity":26,"s:54:6:54:Infinity":27,"s:56:6:56:Infinity":28,"b:57:6:57:Infinity:undefined:undefined:undefined:undefined":6,"s:57:6:57:Infinity":29,"s:57:23:57:Infinity":30,"s:60:2:60:Infinity":31,"s:61:2:61:Infinity":32}}}
,"/a0/usr/projects/jh_salon_twin/backend/src/services/SlotGenerator.ts": {"path":"/a0/usr/projects/jh_salon_twin/backend/src/services/SlotGenerator.ts","statementMap":{"0":{"start":{"line":3,"column":18},"end":{"line":3,"column":null}},"1":{"start":{"line":13,"column":4},"end":{"line":15,"column":null}},"2":{"start":{"line":14,"column":6},"end":{"line":14,"column":null}},"3":{"start":{"line":15,"column":6},"end":{"line":15,"column":null}},"4":{"start":{"line":18,"column":23},"end":{"line":20,"column":null}},"5":{"start":{"line":23,"column":4},"end":{"line":23,"column":null}},"6":{"start":{"line":23,"column":38},"end":{"line":23,"column":null}},"7":{"start":{"line":25,"column":21},"end":{"line":25,"column":null}},"8":{"start":{"line":27,"column":24},"end":{"line":31,"column":null}},"9":{"start":{"line":34,"column":16},"end":{"line":34,"column":null}},"10":{"start":{"line":35,"column":10},"end":{"line":35,"column":null}},"11":{"start":{"line":37,"column":21},"end":{"line":42,"column":null}},"12":{"start":{"line":45,"column":22},"end":{"line":45,"column":null}},"13":{"start":{"line":46,"column":25},"end":{"line":46,"column":27}},"14":{"start":{"line":48,"column":20},"end":{"line":54,"column":null}},"15":{"start":{"line":57,"column":4},"end":{"line":100,"column":null}},"16":{"start":{"line":59,"column":23},"end":{"line":66,"column":null}},"17":{"start":{"line":69,"column":6},"end":{"line":69,"column":null}},"18":{"start":{"line":69,"column":38},"end":{"line":69,"column":null}},"19":{"start":{"line":71,"column":20},"end":{"line":71,"column":70}},"20":{"start":{"line":72,"column":18},"end":{"line":72,"column":66}},"21":{"start":{"line":74,"column":20},"end":{"line":74,"column":35}},"22":{"start":{"line":76,"column":6},"end":{"line":100,"column":null}},"23":{"start":{"line":78,"column":26},"end":{"line":78,"column":43}},"24":{"start":{"line":79,"column":24},"end":{"line":79,"column":null}},"25":{"start":{"line":81,"column":25},"end":{"line":81,"column":null}},"26":{"start":{"line":83,"column":8},"end":{"line":88,"column":null}},"27":{"start":{"line":84,"column":25},"end":{"line":84,"column":63}},"28":{"start":{"line":85,"column":23},"end":{"line":85,"column":53}},"29":{"start":{"line":87,"column":10},"end":{"line":88,"column":null}},"30":{"start":{"line":88,"column":12},"end":{"line":88,"column":null}},"31":{"start":{"line":92,"column":8},"end":{"line":97,"column":null}},"32":{"start":{"line":93,"column":10},"end":{"line":97,"column":null}},"33":{"start":{"line":100,"column":8},"end":{"line":100,"column":null}},"34":{"start":{"line":104,"column":4},"end":{"line":104,"column":null}},"35":{"start":{"line":104,"column":32},"end":{"line":104,"column":87}}},"fnMap":{"0":{"name":"(anonymous_0)","decl":{"start":{"line":7,"column":15},"end":{"line":7,"column":null}},"loc":{"start":{"line":11,"column":4},"end":{"line":104,"column":null}},"line":11},"1":{"name":"(anonymous_1)","decl":{"start":{"line":104,"column":17},"end":{"line":104,"column":23}},"loc":{"start":{"line":104,"column":32},"end":{"line":104,"column":87}},"line":104}},"branchMap":{"0":{"loc":{"start":{"line":13,"column":4},"end":{"line":15,"column":null}},"type":"if","locations":[{"start":{"line":13,"column":4},"end":{"line":15,"column":null}},{"start":{},"end":{}}],"line":13},"1":{"loc":{"start":{"line":13,"column":8},"end":{"line":13,"column":64}},"type":"binary-expr","locations":[{"start":{"line":13,"column":8},"end":{"line":13,"column":33}},{"start":{"line":13,"column":37},"end":{"line":13,"column":64}}],"line":13},"2":{"loc":{"start":{"line":23,"column":4},"end":{"line":23,"column":null}},"type":"if","locations":[{"start":{"line":23,"column":4},"end":{"line":23,"column":null}},{"start":{},"end":{}}],"line":23},"3":{"loc":{"start":{"line":35,"column":25},"end":{"line":35,"column":50}},"type":"binary-expr","locations":[{"start":{"line":35,"column":25},"end":{"line":35,"column":44}},{"start":{"line":35,"column":44},"end":{"line":35,"column":50}}],"line":35},"4":{"loc":{"start":{"line":35,"column":50},"end":{"line":35,"column":77}},"type":"binary-expr","locations":[{"start":{"line":35,"column":50},"end":{"line":35,"column":71}},{"start":{"line":35,"column":71},"end":{"line":35,"column":77}}],"line":35},"5":{"loc":{"start":{"line":35,"column":77},"end":{"line":35,"column":null}},"type":"binary-expr","locations":[{"start":{"line":35,"column":77},"end":{"line":35,"column":99}},{"start":{"line":35,"column":99},"end":{"line":35,"column":null}}],"line":35},"6":{"loc":{"start":{"line":69,"column":6},"end":{"line":69,"column":null}},"type":"if","locations":[{"start":{"line":69,"column":6},"end":{"line":69,"column":null}},{"start":{},"end":{}}],"line":69},"7":{"loc":{"start":{"line":87,"column":10},"end":{"line":88,"column":null}},"type":"if","locations":[{"start":{"line":87,"column":10},"end":{"line":88,"column":null}},{"start":{},"end":{}}],"line":87},"8":{"loc":{"start":{"line":87,"column":14},"end":{"line":87,"column":52}},"type":"binary-expr","locations":[{"start":{"line":87,"column":14},"end":{"line":87,"column":34}},{"start":{"line":87,"column":34},"end":{"line":87,"column":52}}],"line":87},"9":{"loc":{"start":{"line":92,"column":8},"end":{"line":97,"column":null}},"type":"if","locations":[{"start":{"line":92,"column":8},"end":{"line":97,"column":null}},{"start":{},"end":{}}],"line":92}},"s":{"0":2,"1":8,"2":2,"3":2,"4":6,"5":6,"6":1,"7":5,"8":5,"9":5,"10":5,"11":8,"12":5,"13":5,"14":5,"15":5,"16":6,"17":6,"18":1,"19":5,"20":5,"21":5,"22":5,"23":140,"24":140,"25":140,"26":140,"27":43,"28":43,"29":43,"30":11,"31":140,"32":107,"33":140,"34":5,"35":165},"f":{"0":2,"1":165},"b":{"0":[2,6],"1":[8,7],"2":[1,5],"3":[5,1],"4":[8,2],"5":[8,2],"6":[1,5],"7":[11,32],"8":[43,12],"9":[107,33]},"meta":{"lastBranch":10,"lastFunction":2,"lastStatement":36,"seen":{"s:3:18:3:Infinity":0,"f:7:15:7:Infinity":0,"b:13:4:15:Infinity:undefined:undefined:undefined:undefined":0,"s:13:4:15:Infinity":1,"b:13:8:13:33:13:37:13:64":1,"s:14:6:14:Infinity":2,"s:15:6:15:Infinity":3,"s:18:23:20:Infinity":4,"b:23:4:23:Infinity:undefined:undefined:undefined:undefined":2,"s:23:4:23:Infinity":5,"s:23:38:23:Infinity":6,"s:25:21:25:Infinity":7,"s:27:24:31:Infinity":8,"s:34:16:34:Infinity":9,"s:35:10:35:Infinity":10,"b:35:25:35:44:35:44:35:50":3,"b:35:50:35:71:35:71:35:77":4,"b:35:77:35:99:35:99:35:Infinity":5,"s:37:21:42:Infinity":11,"s:45:22:45:Infinity":12,"s:46:25:46:27":13,"s:48:20:54:Infinity":14,"s:57:4:100:Infinity":15,"s:59:23:66:Infinity":16,"b:69:6:69:Infinity:undefined:undefined:undefined:undefined":6,"s:69:6:69:Infinity":17,"s:69:38:69:Infinity":18,"s:71:20:71:70":19,"s:72:18:72:66":20,"s:74:20:74:35":21,"s:76:6:100:Infinity":22,"s:78:26:78:43":23,"s:79:24:79:Infinity":24,"s:81:25:81:Infinity":25,"s:83:8:88:Infinity":26,"s:84:25:84:63":27,"s:85:23:85:53":28,"b:87:10:88:Infinity:undefined:undefined:undefined:undefined":7,"s:87:10:88:Infinity":29,"b:87:14:87:34:87:34:87:52":8,"s:88:12:88:Infinity":30,"b:92:8:97:Infinity:undefined:undefined:undefined:undefined":9,"s:92:8:97:Infinity":31,"s:93:10:97:Infinity":32,"s:100:8:100:Infinity":33,"s:104:4:104:Infinity":34,"f:104:17:104:23":1,"s:104:32:104:87":35}}}
}
